Log file open, 10/09/22 14:28:12
LogWindows: Failed to load 'aqProf.dll' (GetLastError=126)
LogWindows: File 'aqProf.dll' does not exist
LogWindows: Failed to load 'VtuneApi.dll' (GetLastError=126)
LogWindows: File 'VtuneApi.dll' does not exist
LogWindows: Failed to load 'VtuneApi32e.dll' (GetLastError=126)
LogWindows: File 'VtuneApi32e.dll' does not exist
LogConsoleResponse: Display: Failed to find resolution value strings in scalability ini. Falling back to default.
LogConsoleResponse: Display: Failed to find resolution value strings in scalability ini. Falling back to default.
LogInit: Display: Running engine for game: InfiniteMatrix
LogPlatformFile: Not using cached read wrapper
LogTaskGraph: Started task graph with 5 named threads and 26 total threads with 3 sets of task threads.
LogStats: Stats thread started at 0.480937
LogICUInternationalization: ICU TimeZone Detection - Raw Offset: -6:00, Platform Override: ''
LogInit: Display: Loading text-based GConfig....
LogPluginManager: Mounting plugin MeshPainting
LogPluginManager: Mounting plugin XGEController
LogPluginManager: Mounting plugin Paper2D
LogPluginManager: Mounting plugin AISupport
LogPluginManager: Mounting plugin EnvironmentQueryEditor
LogPluginManager: Mounting plugin CameraShakePreviewer
LogPluginManager: Mounting plugin GameplayCameras
LogPluginManager: Mounting plugin OodleData
LogPluginManager: Mounting plugin LightPropagationVolume
LogPluginManager: Mounting plugin LiveLink
LogPluginManager: Mounting plugin OodleNetwork
LogPluginManager: Mounting plugin AnimationSharing
LogPluginManager: Mounting plugin CLionSourceCodeAccess
LogPluginManager: Mounting plugin CodeLiteSourceCodeAccess
LogPluginManager: Mounting plugin GitSourceControl
LogPluginManager: Mounting plugin NullSourceCodeAccess
LogPluginManager: Mounting plugin KDevelopSourceCodeAccess
LogPluginManager: Mounting plugin PerforceSourceControl
LogPluginManager: Mounting plugin PixWinPlugin
LogPluginManager: Mounting plugin PlasticSourceControl
LogPluginManager: Mounting plugin PropertyAccessNode
LogPluginManager: Mounting plugin PluginUtils
LogPluginManager: Mounting plugin TextureFormatOodle
LogPluginManager: Mounting plugin SubversionSourceControl
LogPluginManager: Mounting plugin RiderSourceCodeAccess
LogPluginManager: Mounting plugin UObjectPlugin
LogPluginManager: Mounting plugin VisualStudioCodeSourceCodeAccess
LogPluginManager: Mounting plugin VisualStudioSourceCodeAccess
LogPluginManager: Mounting plugin AssetManagerEditor
LogPluginManager: Mounting plugin CryptoKeys
LogPluginManager: Mounting plugin CurveEditorTools
LogPluginManager: Mounting plugin FacialAnimation
LogPluginManager: Mounting plugin GameplayTagsEditor
LogPluginManager: Mounting plugin GeometryMode
LogPluginManager: Mounting plugin DataValidation
LogPluginManager: Mounting plugin MaterialAnalyzer
LogPluginManager: Mounting plugin MacGraphicsSwitching
LogPluginManager: Mounting plugin XCodeSourceCodeAccess
LogPluginManager: Mounting plugin MobileLauncherProfileWizard
LogPluginManager: Mounting plugin SpeedTreeImporter
LogPluginManager: Mounting plugin PluginBrowser
LogPluginManager: Mounting plugin DatasmithContent
LogPluginManager: Mounting plugin Niagara
LogPluginManager: Mounting plugin VariantManagerContent
LogPluginManager: Mounting plugin AutomationUtils
LogPluginManager: Mounting plugin BackChannel
LogPluginManager: Mounting plugin AlembicImporter
LogPluginManager: Mounting plugin ChaosCloth
LogPluginManager: Mounting plugin ChaosClothEditor
LogPluginManager: Mounting plugin ChaosEditor
LogPluginManager: Mounting plugin ChaosSolverPlugin
LogPluginManager: Mounting plugin CharacterAI
LogPluginManager: Mounting plugin ChaosNiagara
LogPluginManager: Mounting plugin GeometryCache
LogPluginManager: Mounting plugin GeometryCollectionPlugin
LogPluginManager: Mounting plugin MotoSynth
LogPluginManager: Mounting plugin OpenImageDenoise
LogPluginManager: Mounting plugin GeometryProcessing
LogPluginManager: Mounting plugin PlanarCut
LogPluginManager: Mounting plugin PlatformCrypto
LogPluginManager: Mounting plugin ProxyLODPlugin
LogPluginManager: Mounting plugin PythonScriptPlugin
LogPluginManager: Mounting plugin SkeletalReduction
LogPluginManager: Mounting plugin MagicLeap
LogPluginManager: Mounting plugin LuminPlatformFeatures
LogPluginManager: Mounting plugin MagicLeapLightEstimation
LogPluginManager: Mounting plugin MagicLeapPassableWorld
LogPluginManager: Mounting plugin MLSDK
LogPluginManager: Mounting plugin MagicLeapMedia
LogPluginManager: Mounting plugin AndroidMedia
LogPluginManager: Mounting plugin AvfMedia
LogPluginManager: Mounting plugin ImgMedia
LogPluginManager: Mounting plugin MediaCompositing
LogPluginManager: Mounting plugin MediaPlayerEditor
LogPluginManager: Mounting plugin WebMMedia
LogPluginManager: Mounting plugin WmfMedia
LogPluginManager: Mounting plugin ActorSequence
LogPluginManager: Mounting plugin MatineeToLevelSequence
LogPluginManager: Mounting plugin LevelSequenceEditor
LogPluginManager: Mounting plugin TemplateSequence
LogPluginManager: Mounting plugin OnlineSubsystem
LogPluginManager: Mounting plugin OnlineSubsystemNull
LogPluginManager: Mounting plugin OnlineSubsystemUtils
LogPluginManager: Mounting plugin LauncherChunkInstaller
LogPluginManager: Mounting plugin TcpMessaging
LogPluginManager: Mounting plugin UdpMessaging
LogPluginManager: Mounting plugin AndroidDeviceProfileSelector
LogPluginManager: Mounting plugin ActorLayerUtilities
LogPluginManager: Mounting plugin AndroidMoviePlayer
LogPluginManager: Mounting plugin AndroidPermission
LogPluginManager: Mounting plugin AppleImageUtils
LogPluginManager: Mounting plugin AppleMoviePlayer
LogPluginManager: Mounting plugin ArchVisCharacter
LogPluginManager: Mounting plugin AssetTags
LogPluginManager: Mounting plugin AudioSynesthesia
LogPluginManager: Mounting plugin AudioCapture
LogPluginManager: Mounting plugin CableComponent
LogPluginManager: Mounting plugin ChunkDownloader
LogPluginManager: Mounting plugin CustomMeshComponent
LogPluginManager: Mounting plugin EditableMesh
LogPluginManager: Mounting plugin ExampleDeviceProfileSelector
LogPluginManager: Mounting plugin GoogleCloudMessaging
LogPluginManager: Mounting plugin GooglePAD
LogPluginManager: Mounting plugin LinuxDeviceProfileSelector
LogPluginManager: Mounting plugin LocationServicesBPLibrary
LogPluginManager: Mounting plugin IOSDeviceProfileSelector
LogPluginManager: Mounting plugin MobilePatchingUtils
LogPluginManager: Mounting plugin OpenXR
LogPluginManager: Mounting plugin OpenXREyeTracker
LogPluginManager: Mounting plugin PhysXVehicles
LogPluginManager: Mounting plugin OpenXRHandTracking
LogPluginManager: Mounting plugin ScreenshotTools
LogPluginManager: Mounting plugin PostSplashScreen
LogPluginManager: Mounting plugin PropertyAccessEditor
LogPluginManager: Mounting plugin ProceduralMeshComponent
LogPluginManager: Mounting plugin SignificanceManager
LogPluginManager: Mounting plugin SoundFields
LogPluginManager: Mounting plugin RuntimePhysXCooking
LogPluginManager: Mounting plugin Synthesis
LogPluginManager: Mounting plugin WebMMoviePlayer
LogPluginManager: Mounting plugin WindowsMoviePlayer
LogPluginManager: Mounting plugin Takes
LogPluginManager: Mounting plugin ContentBrowserAssetDataSource
LogPluginManager: Mounting plugin ContentBrowserClassDataSource
LogPluginManager: Mounting plugin ContentBrowserFileDataSource
LogPluginManager: Mounting plugin OnlineSubsystemGooglePlay
LogPluginManager: Mounting plugin OnlineSubsystemIOS
LogPluginManager: Mounting plugin OculusVR
LogPluginManager: Mounting plugin SteamVR
PixWinPlugin: PIX capture plugin failed to initialize! Check that the process is launched from PIX.
LogInit: Using libcurl 7.55.1-DEV
LogInit:  - built for x86_64-pc-win32
LogInit:  - supports SSL with OpenSSL/1.1.1
LogInit:  - supports HTTP deflate (compression) using libz 1.2.8
LogInit:  - other features:
LogInit:      CURL_VERSION_SSL
LogInit:      CURL_VERSION_LIBZ
LogInit:      CURL_VERSION_IPV6
LogInit:      CURL_VERSION_ASYNCHDNS
LogInit:      CURL_VERSION_LARGEFILE
LogInit:      CURL_VERSION_IDN
LogInit:  CurlRequestOptions (configurable via config and command line):
LogInit:  - bVerifyPeer = true  - Libcurl will verify peer certificate
LogInit:  - bUseHttpProxy = false  - Libcurl will NOT use HTTP proxy
LogInit:  - bDontReuseConnections = false  - Libcurl will reuse connections
LogInit:  - MaxHostConnections = 16  - Libcurl will limit the number of connections to a host
LogInit:  - LocalHostAddr = Default
LogInit:  - BufferSize = 65536
LogOnline: OSS: Creating online subsystem instance for: NULL
LogInit: WinSock: version 1.1 (2.2), MaxSocks=32767, MaxUdp=65467
LogOnline: OSS: TryLoadSubsystemAndSetDefault: Loaded subsystem for module [NULL]
LogOculusPluginWrapper: OculusPlugin initialized successfully
LogHMD: Failed initializing OVRPlugin 1.59.0
LogInit: Build: ++UE4+Release-4.27-CL-18319896
LogInit: Engine Version: 4.27.2-18319896+++UE4+Release-4.27
LogInit: Compatible Engine Version: 4.27.0-17155196+++UE4+Release-4.27
LogInit: Net CL: 17155196
LogInit: OS: Windows 10 (Release 2009) (), CPU: Intel(R) Core(TM) i7-9700 CPU @ 3.00GHz, GPU: NVIDIA GeForce RTX 2080 SUPER
LogInit: Compiled (64-bit): Nov 30 2021 07:12:08
LogInit: Compiled with Visual C++: 19.24.28315.00
LogInit: Build Configuration: Development
LogInit: Branch Name: ++UE4+Release-4.27
LogInit: Command Line: 
LogInit: Base Directory: C:/Program Files (x86)/Epic Games/UE_4.27/Engine/Binaries/Win64/
LogInit: Allocator: TBB
LogInit: Installed Engine Build: 1
LogDevObjectVersion: Number of dev versions registered: 29
LogDevObjectVersion:   Dev-Blueprints (B0D832E4-1F89-4F0D-ACCF-7EB736FD4AA2): 10
LogDevObjectVersion:   Dev-Build (E1C64328-A22C-4D53-A36C-8E866417BD8C): 0
LogDevObjectVersion:   Dev-Core (375EC13C-06E4-48FB-B500-84F0262A717E): 4
LogDevObjectVersion:   Dev-Editor (E4B068ED-F494-42E9-A231-DA0B2E46BB41): 40
LogDevObjectVersion:   Dev-Framework (CFFC743F-43B0-4480-9391-14DF171D2073): 37
LogDevObjectVersion:   Dev-Mobile (B02B49B5-BB20-44E9-A304-32B752E40360): 3
LogDevObjectVersion:   Dev-Networking (A4E4105C-59A1-49B5-A7C5-40C4547EDFEE): 0
LogDevObjectVersion:   Dev-Online (39C831C9-5AE6-47DC-9A44-9C173E1C8E7C): 0
LogDevObjectVersion:   Dev-Physics (78F01B33-EBEA-4F98-B9B4-84EACCB95AA2): 14
LogDevObjectVersion:   Dev-Platform (6631380F-2D4D-43E0-8009-CF276956A95A): 0
LogDevObjectVersion:   Dev-Rendering (12F88B9F-8875-4AFC-A67C-D90C383ABD29): 45
LogDevObjectVersion:   Dev-Sequencer (7B5AE74C-D270-4C10-A958-57980B212A5A): 13
LogDevObjectVersion:   Dev-VR (D7296918-1DD6-4BDD-9DE2-64A83CC13884): 3
LogDevObjectVersion:   Dev-LoadTimes (C2A15278-BFE7-4AFE-6C17-90FF531DF755): 1
LogDevObjectVersion:   Private-Geometry (6EACA3D4-40EC-4CC1-B786-8BED09428FC5): 3
LogDevObjectVersion:   Dev-AnimPhys (29E575DD-E0A3-4627-9D10-D276232CDCEA): 17
LogDevObjectVersion:   Dev-Anim (AF43A65D-7FD3-4947-9873-3E8ED9C1BB05): 15
LogDevObjectVersion:   Dev-ReflectionCapture (6B266CEC-1EC7-4B8F-A30B-E4D90942FC07): 1
LogDevObjectVersion:   Dev-Automation (0DF73D61-A23F-47EA-B727-89E90C41499A): 1
LogDevObjectVersion:   FortniteMain (601D1886-AC64-4F84-AA16-D3DE0DEAC7D6): 47
LogDevObjectVersion:   FortniteRelease (E7086368-6B23-4C58-8439-1B7016265E91): 1
LogDevObjectVersion:   Dev-Enterprise (9DFFBCD6-494F-0158-E221-12823C92A888): 10
LogDevObjectVersion:   Dev-Niagara (F2AED0AC-9AFE-416F-8664-AA7FFA26D6FC): 1
LogDevObjectVersion:   Dev-Destruction (174F1F0B-B4C6-45A5-B13F-2EE8D0FB917D): 10
LogDevObjectVersion:   Dev-Physics-Ext (35F94A83-E258-406C-A318-09F59610247C): 41
LogDevObjectVersion:   Dev-PhysicsMaterial-Chaos (B68FC16E-8B1B-42E2-B453-215C058844FE): 1
LogDevObjectVersion:   Dev-CineCamera (B2E18506-4273-CFC2-A54E-F4BB758BBA07): 1
LogDevObjectVersion:   Dev-VirtualProduction (64F58936-FD1B-42BA-BA96-7289D5D0FA4E): 1
LogDevObjectVersion:   Dev-MediaFramework (6F0ED827-A609-4895-9C91-998D90180EA4): 2
LogInit: Presizing for max 25165824 objects, including 0 objects not considered by GC, pre-allocating 0 bytes for permanent pool.
LogConfig: Applying CVar settings from Section [/Script/Engine.StreamingSettings] File [C:/Users/cheny/Desktop/CS415/MP1/InfiniteMatrixComplete/Saved/Config/Windows/Engine.ini]
LogConfig: Setting CVar [[s.MinBulkDataSizeForAsyncLoading:131072]]
LogConfig: Setting CVar [[s.AsyncLoadingThreadEnabled:0]]
LogConfig: Setting CVar [[s.EventDrivenLoaderEnabled:1]]
LogConfig: Setting CVar [[s.WarnIfTimeLimitExceeded:0]]
LogConfig: Setting CVar [[s.TimeLimitExceededMultiplier:1.5]]
LogConfig: Setting CVar [[s.TimeLimitExceededMinTime:0.005]]
LogConfig: Setting CVar [[s.UseBackgroundLevelStreaming:1]]
LogConfig: Setting CVar [[s.PriorityAsyncLoadingExtraTime:15.0]]
LogConfig: Setting CVar [[s.LevelStreamingActorsUpdateTimeLimit:5.0]]
LogConfig: Setting CVar [[s.PriorityLevelStreamingActorsUpdateExtraTime:5.0]]
LogConfig: Setting CVar [[s.LevelStreamingComponentsRegistrationGranularity:10]]
LogConfig: Setting CVar [[s.UnregisterComponentsTimeLimit:1.0]]
LogConfig: Setting CVar [[s.LevelStreamingComponentsUnregistrationGranularity:5]]
LogConfig: Setting CVar [[s.FlushStreamingOnExit:1]]
LogInit: Object subsystem initialized
LogConfig: Setting CVar [[con.DebugEarlyDefault:1]]
LogConfig: Setting CVar [[r.setres:1280x720]]
[2022.10.09-19.28.13:420][  0]LogConfig: Setting CVar [[r.VSync:0]]
[2022.10.09-19.28.13:420][  0]LogConfig: Setting CVar [[r.RHICmdBypass:0]]
[2022.10.09-19.28.13:420][  0]LogConfig: Applying CVar settings from Section [/Script/Engine.RendererSettings] File [C:/Users/cheny/Desktop/CS415/MP1/InfiniteMatrixComplete/Saved/Config/Windows/Engine.ini]
[2022.10.09-19.28.13:421][  0]LogConfig: Setting CVar [[r.GPUCrashDebugging:0]]
[2022.10.09-19.28.13:421][  0]LogConfig: Applying CVar settings from Section [/Script/Engine.RendererOverrideSettings] File [C:/Users/cheny/Desktop/CS415/MP1/InfiniteMatrixComplete/Saved/Config/Windows/Engine.ini]
[2022.10.09-19.28.13:421][  0]LogConfig: Applying CVar settings from Section [/Script/Engine.StreamingSettings] File [C:/Users/cheny/Desktop/CS415/MP1/InfiniteMatrixComplete/Saved/Config/Windows/Engine.ini]
[2022.10.09-19.28.13:421][  0]LogConfig: Setting CVar [[s.MinBulkDataSizeForAsyncLoading:131072]]
[2022.10.09-19.28.13:421][  0]LogConfig: Setting CVar [[s.AsyncLoadingThreadEnabled:0]]
[2022.10.09-19.28.13:421][  0]LogConfig: Setting CVar [[s.EventDrivenLoaderEnabled:1]]
[2022.10.09-19.28.13:421][  0]LogConfig: Setting CVar [[s.WarnIfTimeLimitExceeded:0]]
[2022.10.09-19.28.13:421][  0]LogConfig: Setting CVar [[s.TimeLimitExceededMultiplier:1.5]]
[2022.10.09-19.28.13:421][  0]LogConfig: Setting CVar [[s.TimeLimitExceededMinTime:0.005]]
[2022.10.09-19.28.13:421][  0]LogConfig: Setting CVar [[s.UseBackgroundLevelStreaming:1]]
[2022.10.09-19.28.13:421][  0]LogConfig: Setting CVar [[s.PriorityAsyncLoadingExtraTime:15.0]]
[2022.10.09-19.28.13:421][  0]LogConfig: Setting CVar [[s.LevelStreamingActorsUpdateTimeLimit:5.0]]
[2022.10.09-19.28.13:421][  0]LogConfig: Setting CVar [[s.PriorityLevelStreamingActorsUpdateExtraTime:5.0]]
[2022.10.09-19.28.13:421][  0]LogConfig: Setting CVar [[s.LevelStreamingComponentsRegistrationGranularity:10]]
[2022.10.09-19.28.13:421][  0]LogConfig: Setting CVar [[s.UnregisterComponentsTimeLimit:1.0]]
[2022.10.09-19.28.13:421][  0]LogConfig: Setting CVar [[s.LevelStreamingComponentsUnregistrationGranularity:5]]
[2022.10.09-19.28.13:421][  0]LogConfig: Setting CVar [[s.FlushStreamingOnExit:1]]
[2022.10.09-19.28.13:421][  0]LogConfig: Applying CVar settings from Section [/Script/Engine.GarbageCollectionSettings] File [C:/Users/cheny/Desktop/CS415/MP1/InfiniteMatrixComplete/Saved/Config/Windows/Engine.ini]
[2022.10.09-19.28.13:421][  0]LogConfig: Setting CVar [[gc.MaxObjectsNotConsideredByGC:1]]
[2022.10.09-19.28.13:421][  0]LogConfig: Setting CVar [[gc.SizeOfPermanentObjectPool:0]]
[2022.10.09-19.28.13:421][  0]LogConfig: Setting CVar [[gc.FlushStreamingOnGC:0]]
[2022.10.09-19.28.13:421][  0]LogConfig: Setting CVar [[gc.NumRetriesBeforeForcingGC:10]]
[2022.10.09-19.28.13:421][  0]LogConfig: Setting CVar [[gc.AllowParallelGC:1]]
[2022.10.09-19.28.13:421][  0]LogConfig: Setting CVar [[gc.TimeBetweenPurgingPendingKillObjects:61.1]]
[2022.10.09-19.28.13:421][  0]LogConfig: Setting CVar [[gc.MaxObjectsInEditor:25165824]]
[2022.10.09-19.28.13:421][  0]LogConfig: Setting CVar [[gc.IncrementalBeginDestroyEnabled:1]]
[2022.10.09-19.28.13:421][  0]LogConfig: Setting CVar [[gc.CreateGCClusters:1]]
[2022.10.09-19.28.13:421][  0]LogConfig: Setting CVar [[gc.MinGCClusterSize:5]]
[2022.10.09-19.28.13:421][  0]LogConfig: Setting CVar [[gc.ActorClusteringEnabled:0]]
[2022.10.09-19.28.13:421][  0]LogConfig: Setting CVar [[gc.BlueprintClusteringEnabled:0]]
[2022.10.09-19.28.13:421][  0]LogConfig: Setting CVar [[gc.UseDisregardForGCOnDedicatedServers:0]]
[2022.10.09-19.28.13:421][  0]LogConfig: Setting CVar [[gc.MultithreadedDestructionEnabled:1]]
[2022.10.09-19.28.13:421][  0]LogConfig: Applying CVar settings from Section [/Script/Engine.NetworkSettings] File [C:/Users/cheny/Desktop/CS415/MP1/InfiniteMatrixComplete/Saved/Config/Windows/Engine.ini]
[2022.10.09-19.28.13:421][  0]LogConfig: Applying CVar settings from Section [/Script/UnrealEd.CookerSettings] File [C:/Users/cheny/Desktop/CS415/MP1/InfiniteMatrixComplete/Saved/Config/Windows/Engine.ini]
[2022.10.09-19.28.13:558][  0]LogConfig: Applying CVar settings from Section [ViewDistanceQuality@3] File [C:/Users/cheny/Desktop/CS415/MP1/InfiniteMatrixComplete/Saved/Config/Windows/Scalability.ini]
[2022.10.09-19.28.13:558][  0]LogConfig: Setting CVar [[r.SkeletalMeshLODBias:0]]
[2022.10.09-19.28.13:558][  0]LogConfig: Setting CVar [[r.ViewDistanceScale:1.0]]
[2022.10.09-19.28.13:558][  0]LogConfig: Applying CVar settings from Section [AntiAliasingQuality@3] File [C:/Users/cheny/Desktop/CS415/MP1/InfiniteMatrixComplete/Saved/Config/Windows/Scalability.ini]
[2022.10.09-19.28.13:558][  0]LogConfig: Setting CVar [[r.PostProcessAAQuality:4]]
[2022.10.09-19.28.13:558][  0]LogConfig: Applying CVar settings from Section [ShadowQuality@3] File [C:/Users/cheny/Desktop/CS415/MP1/InfiniteMatrixComplete/Saved/Config/Windows/Scalability.ini]
[2022.10.09-19.28.13:558][  0]LogConfig: Setting CVar [[r.LightFunctionQuality:1]]
[2022.10.09-19.28.13:558][  0]LogConfig: Setting CVar [[r.ShadowQuality:5]]
[2022.10.09-19.28.13:558][  0]LogConfig: Setting CVar [[r.Shadow.CSM.MaxCascades:10]]
[2022.10.09-19.28.13:558][  0]LogConfig: Setting CVar [[r.Shadow.MaxResolution:2048]]
[2022.10.09-19.28.13:558][  0]LogConfig: Setting CVar [[r.Shadow.MaxCSMResolution:2048]]
[2022.10.09-19.28.13:558][  0]LogConfig: Setting CVar [[r.Shadow.RadiusThreshold:0.01]]
[2022.10.09-19.28.13:558][  0]LogConfig: Setting CVar [[r.Shadow.DistanceScale:1.0]]
[2022.10.09-19.28.13:558][  0]LogConfig: Setting CVar [[r.Shadow.CSM.TransitionScale:1.0]]
[2022.10.09-19.28.13:558][  0]LogConfig: Setting CVar [[r.Shadow.PreShadowResolutionFactor:1.0]]
[2022.10.09-19.28.13:559][  0]LogConfig: Setting CVar [[r.DistanceFieldShadowing:1]]
[2022.10.09-19.28.13:559][  0]LogConfig: Setting CVar [[r.DistanceFieldAO:1]]
[2022.10.09-19.28.13:559][  0]LogConfig: Setting CVar [[r.AOQuality:2]]
[2022.10.09-19.28.13:559][  0]LogConfig: Setting CVar [[r.VolumetricFog:1]]
[2022.10.09-19.28.13:559][  0]LogConfig: Setting CVar [[r.VolumetricFog.GridPixelSize:8]]
[2022.10.09-19.28.13:559][  0]LogConfig: Setting CVar [[r.VolumetricFog.GridSizeZ:128]]
[2022.10.09-19.28.13:559][  0]LogConfig: Setting CVar [[r.VolumetricFog.HistoryMissSupersampleCount:4]]
[2022.10.09-19.28.13:559][  0]LogConfig: Setting CVar [[r.LightMaxDrawDistanceScale:1]]
[2022.10.09-19.28.13:559][  0]LogConfig: Setting CVar [[r.CapsuleShadows:1]]
[2022.10.09-19.28.13:559][  0]LogConfig: Applying CVar settings from Section [PostProcessQuality@3] File [C:/Users/cheny/Desktop/CS415/MP1/InfiniteMatrixComplete/Saved/Config/Windows/Scalability.ini]
[2022.10.09-19.28.13:559][  0]LogConfig: Setting CVar [[r.MotionBlurQuality:4]]
[2022.10.09-19.28.13:559][  0]LogConfig: Setting CVar [[r.AmbientOcclusionMipLevelFactor:0.4]]
[2022.10.09-19.28.13:559][  0]LogConfig: Setting CVar [[r.AmbientOcclusionMaxQuality:100]]
[2022.10.09-19.28.13:559][  0]LogConfig: Setting CVar [[r.AmbientOcclusionLevels:-1]]
[2022.10.09-19.28.13:559][  0]LogConfig: Setting CVar [[r.AmbientOcclusionRadiusScale:1.0]]
[2022.10.09-19.28.13:559][  0]LogConfig: Setting CVar [[r.DepthOfFieldQuality:2]]
[2022.10.09-19.28.13:559][  0]LogConfig: Setting CVar [[r.RenderTargetPoolMin:400]]
[2022.10.09-19.28.13:559][  0]LogConfig: Setting CVar [[r.LensFlareQuality:2]]
[2022.10.09-19.28.13:559][  0]LogConfig: Setting CVar [[r.SceneColorFringeQuality:1]]
[2022.10.09-19.28.13:559][  0]LogConfig: Setting CVar [[r.EyeAdaptationQuality:2]]
[2022.10.09-19.28.13:559][  0]LogConfig: Setting CVar [[r.BloomQuality:5]]
[2022.10.09-19.28.13:559][  0]LogConfig: Setting CVar [[r.FastBlurThreshold:100]]
[2022.10.09-19.28.13:559][  0]LogConfig: Setting CVar [[r.Upscale.Quality:3]]
[2022.10.09-19.28.13:559][  0]LogConfig: Setting CVar [[r.Tonemapper.GrainQuantization:1]]
[2022.10.09-19.28.13:559][  0]LogConfig: Setting CVar [[r.LightShaftQuality:1]]
[2022.10.09-19.28.13:559][  0]LogConfig: Setting CVar [[r.Filter.SizeScale:1]]
[2022.10.09-19.28.13:559][  0]LogConfig: Setting CVar [[r.Tonemapper.Quality:5]]
[2022.10.09-19.28.13:559][  0]LogConfig: Setting CVar [[r.DOF.Gather.AccumulatorQuality:1        ; higher gathering accumulator quality]]
[2022.10.09-19.28.13:559][  0]LogConfig: Setting CVar [[r.DOF.Gather.PostfilterMethod:1          ; Median3x3 postfilering method]]
[2022.10.09-19.28.13:559][  0]LogConfig: Setting CVar [[r.DOF.Gather.EnableBokehSettings:0       ; no bokeh simulation when gathering]]
[2022.10.09-19.28.13:559][  0]LogConfig: Setting CVar [[r.DOF.Gather.RingCount:4                 ; medium number of samples when gathering]]
[2022.10.09-19.28.13:559][  0]LogConfig: Setting CVar [[r.DOF.Scatter.ForegroundCompositing:1    ; additive foreground scattering]]
[2022.10.09-19.28.13:559][  0]LogConfig: Setting CVar [[r.DOF.Scatter.BackgroundCompositing:2    ; additive background scattering]]
[2022.10.09-19.28.13:559][  0]LogConfig: Setting CVar [[r.DOF.Scatter.EnableBokehSettings:1      ; bokeh simulation when scattering]]
[2022.10.09-19.28.13:559][  0]LogConfig: Setting CVar [[r.DOF.Scatter.MaxSpriteRatio:0.1         ; only a maximum of 10% of scattered bokeh]]
[2022.10.09-19.28.13:559][  0]LogConfig: Setting CVar [[r.DOF.Recombine.Quality:1                ; cheap slight out of focus]]
[2022.10.09-19.28.13:559][  0]LogConfig: Setting CVar [[r.DOF.Recombine.EnableBokehSettings:0    ; no bokeh simulation on slight out of focus]]
[2022.10.09-19.28.13:559][  0]LogConfig: Setting CVar [[r.DOF.TemporalAAQuality:1                ; more stable temporal accumulation]]
[2022.10.09-19.28.13:559][  0]LogConfig: Setting CVar [[r.DOF.Kernel.MaxForegroundRadius:0.025]]
[2022.10.09-19.28.13:559][  0]LogConfig: Setting CVar [[r.DOF.Kernel.MaxBackgroundRadius:0.025]]
[2022.10.09-19.28.13:560][  0]LogConfig: Applying CVar settings from Section [TextureQuality@3] File [C:/Users/cheny/Desktop/CS415/MP1/InfiniteMatrixComplete/Saved/Config/Windows/Scalability.ini]
[2022.10.09-19.28.13:560][  0]LogConfig: Setting CVar [[r.Streaming.MipBias:0]]
[2022.10.09-19.28.13:560][  0]LogConfig: Setting CVar [[r.Streaming.AmortizeCPUToGPUCopy:0]]
[2022.10.09-19.28.13:560][  0]LogConfig: Setting CVar [[r.Streaming.MaxNumTexturesToStreamPerFrame:0]]
[2022.10.09-19.28.13:560][  0]LogConfig: Setting CVar [[r.Streaming.Boost:1]]
[2022.10.09-19.28.13:560][  0]LogConfig: Setting CVar [[r.MaxAnisotropy:8]]
[2022.10.09-19.28.13:560][  0]LogConfig: Setting CVar [[r.VT.MaxAnisotropy:8]]
[2022.10.09-19.28.13:560][  0]LogConfig: Setting CVar [[r.Streaming.LimitPoolSizeToVRAM:0]]
[2022.10.09-19.28.13:560][  0]LogConfig: Setting CVar [[r.Streaming.PoolSize:1000]]
[2022.10.09-19.28.13:560][  0]LogConfig: Setting CVar [[r.Streaming.MaxEffectiveScreenSize:0]]
[2022.10.09-19.28.13:560][  0]LogConfig: Applying CVar settings from Section [EffectsQuality@3] File [C:/Users/cheny/Desktop/CS415/MP1/InfiniteMatrixComplete/Saved/Config/Windows/Scalability.ini]
[2022.10.09-19.28.13:560][  0]LogConfig: Setting CVar [[r.TranslucencyLightingVolumeDim:64]]
[2022.10.09-19.28.13:560][  0]LogConfig: Setting CVar [[r.RefractionQuality:2]]
[2022.10.09-19.28.13:560][  0]LogConfig: Setting CVar [[r.SSR.Quality:3]]
[2022.10.09-19.28.13:560][  0]LogConfig: Setting CVar [[r.SSR.HalfResSceneColor:0]]
[2022.10.09-19.28.13:560][  0]LogConfig: Setting CVar [[r.SceneColorFormat:4]]
[2022.10.09-19.28.13:560][  0]LogConfig: Setting CVar [[r.DetailMode:2]]
[2022.10.09-19.28.13:560][  0]LogConfig: Setting CVar [[r.TranslucencyVolumeBlur:1]]
[2022.10.09-19.28.13:560][  0]LogConfig: Setting CVar [[r.MaterialQualityLevel:1 ; High quality]]
[2022.10.09-19.28.13:560][  0]LogConfig: Setting CVar [[r.AnisotropicMaterials:1]]
[2022.10.09-19.28.13:560][  0]LogConfig: Setting CVar [[r.SSS.Scale:1]]
[2022.10.09-19.28.13:560][  0]LogConfig: Setting CVar [[r.SSS.SampleSet:2]]
[2022.10.09-19.28.13:560][  0]LogConfig: Setting CVar [[r.SSS.Quality:1]]
[2022.10.09-19.28.13:560][  0]LogConfig: Setting CVar [[r.SSS.HalfRes:0]]
[2022.10.09-19.28.13:560][  0]LogConfig: Setting CVar [[r.SSGI.Quality:3]]
[2022.10.09-19.28.13:560][  0]LogConfig: Setting CVar [[r.EmitterSpawnRateScale:1.0]]
[2022.10.09-19.28.13:560][  0]LogConfig: Setting CVar [[r.ParticleLightQuality:2]]
[2022.10.09-19.28.13:560][  0]LogConfig: Setting CVar [[r.SkyAtmosphere.AerialPerspectiveLUT.FastApplyOnOpaque:1 ; Always have FastSkyLUT 1 in this case to avoid wrong sky]]
[2022.10.09-19.28.13:560][  0]LogConfig: Setting CVar [[r.SkyAtmosphere.AerialPerspectiveLUT.SampleCountMaxPerSlice:4]]
[2022.10.09-19.28.13:560][  0]LogConfig: Setting CVar [[r.SkyAtmosphere.AerialPerspectiveLUT.DepthResolution:16.0]]
[2022.10.09-19.28.13:560][  0]LogConfig: Setting CVar [[r.SkyAtmosphere.FastSkyLUT:1]]
[2022.10.09-19.28.13:560][  0]LogConfig: Setting CVar [[r.SkyAtmosphere.FastSkyLUT.SampleCountMin:4.0]]
[2022.10.09-19.28.13:560][  0]LogConfig: Setting CVar [[r.SkyAtmosphere.FastSkyLUT.SampleCountMax:128.0]]
[2022.10.09-19.28.13:560][  0]LogConfig: Setting CVar [[r.SkyAtmosphere.SampleCountMin:4.0]]
[2022.10.09-19.28.13:560][  0]LogConfig: Setting CVar [[r.SkyAtmosphere.SampleCountMax:128.0]]
[2022.10.09-19.28.13:560][  0]LogConfig: Setting CVar [[r.SkyAtmosphere.TransmittanceLUT.UseSmallFormat:0]]
[2022.10.09-19.28.13:560][  0]LogConfig: Setting CVar [[r.SkyAtmosphere.TransmittanceLUT.SampleCount:10.0]]
[2022.10.09-19.28.13:560][  0]LogConfig: Setting CVar [[r.SkyAtmosphere.MultiScatteringLUT.SampleCount:15.0]]
[2022.10.09-19.28.13:560][  0]LogConfig: Setting CVar [[r.SkyLight.RealTimeReflectionCapture:1]]
[2022.10.09-19.28.13:560][  0]LogConfig: Applying CVar settings from Section [FoliageQuality@3] File [C:/Users/cheny/Desktop/CS415/MP1/InfiniteMatrixComplete/Saved/Config/Windows/Scalability.ini]
[2022.10.09-19.28.13:560][  0]LogConfig: Setting CVar [[foliage.DensityScale:1.0]]
[2022.10.09-19.28.13:561][  0]LogConfig: Setting CVar [[grass.DensityScale:1.0]]
[2022.10.09-19.28.13:561][  0]LogConfig: Applying CVar settings from Section [ShadingQuality@3] File [C:/Users/cheny/Desktop/CS415/MP1/InfiniteMatrixComplete/Saved/Config/Windows/Scalability.ini]
[2022.10.09-19.28.13:561][  0]LogConfig: Setting CVar [[r.HairStrands.SkyLighting.IntegrationType:2]]
[2022.10.09-19.28.13:561][  0]LogConfig: Setting CVar [[r.HairStrands.SkyAO.SampleCount:4]]
[2022.10.09-19.28.13:561][  0]LogConfig: Setting CVar [[r.HairStrands.Visibility.MSAA.SamplePerPixel:4]]
[2022.10.09-19.28.13:561][  0]LogInit: Selected Device Profile: [Windows]
[2022.10.09-19.28.13:561][  0]LogInit: Applying CVar settings loaded from the selected device profile: [Windows]
[2022.10.09-19.28.13:561][  0]LogHAL: Display: Platform has ~ 32 GB [34176663552 / 34359738368 / 32], which maps to Largest [LargestMinGB=32, LargerMinGB=12, DefaultMinGB=8, SmallerMinGB=6, SmallestMinGB=0)
[2022.10.09-19.28.13:561][  0]LogInit: Going up to parent DeviceProfile []
[2022.10.09-19.28.13:561][  0]LogConfig: Applying CVar settings from Section [ViewDistanceQuality@3] File [C:/Users/cheny/Desktop/CS415/MP1/InfiniteMatrixComplete/Saved/Config/Windows/Scalability.ini]
[2022.10.09-19.28.13:561][  0]LogConfig: Setting CVar [[r.SkeletalMeshLODBias:0]]
[2022.10.09-19.28.13:561][  0]LogConfig: Setting CVar [[r.ViewDistanceScale:1.0]]
[2022.10.09-19.28.13:561][  0]LogConfig: Applying CVar settings from Section [AntiAliasingQuality@3] File [C:/Users/cheny/Desktop/CS415/MP1/InfiniteMatrixComplete/Saved/Config/Windows/Scalability.ini]
[2022.10.09-19.28.13:561][  0]LogConfig: Setting CVar [[r.PostProcessAAQuality:4]]
[2022.10.09-19.28.13:561][  0]LogConfig: Applying CVar settings from Section [ShadowQuality@3] File [C:/Users/cheny/Desktop/CS415/MP1/InfiniteMatrixComplete/Saved/Config/Windows/Scalability.ini]
[2022.10.09-19.28.13:561][  0]LogConfig: Setting CVar [[r.LightFunctionQuality:1]]
[2022.10.09-19.28.13:561][  0]LogConfig: Setting CVar [[r.ShadowQuality:5]]
[2022.10.09-19.28.13:561][  0]LogConfig: Setting CVar [[r.Shadow.CSM.MaxCascades:10]]
[2022.10.09-19.28.13:561][  0]LogConfig: Setting CVar [[r.Shadow.MaxResolution:2048]]
[2022.10.09-19.28.13:561][  0]LogConfig: Setting CVar [[r.Shadow.MaxCSMResolution:2048]]
[2022.10.09-19.28.13:561][  0]LogConfig: Setting CVar [[r.Shadow.RadiusThreshold:0.01]]
[2022.10.09-19.28.13:561][  0]LogConfig: Setting CVar [[r.Shadow.DistanceScale:1.0]]
[2022.10.09-19.28.13:561][  0]LogConfig: Setting CVar [[r.Shadow.CSM.TransitionScale:1.0]]
[2022.10.09-19.28.13:561][  0]LogConfig: Setting CVar [[r.Shadow.PreShadowResolutionFactor:1.0]]
[2022.10.09-19.28.13:561][  0]LogConfig: Setting CVar [[r.DistanceFieldShadowing:1]]
[2022.10.09-19.28.13:561][  0]LogConfig: Setting CVar [[r.DistanceFieldAO:1]]
[2022.10.09-19.28.13:561][  0]LogConfig: Setting CVar [[r.AOQuality:2]]
[2022.10.09-19.28.13:561][  0]LogConfig: Setting CVar [[r.VolumetricFog:1]]
[2022.10.09-19.28.13:561][  0]LogConfig: Setting CVar [[r.VolumetricFog.GridPixelSize:8]]
[2022.10.09-19.28.13:561][  0]LogConfig: Setting CVar [[r.VolumetricFog.GridSizeZ:128]]
[2022.10.09-19.28.13:561][  0]LogConfig: Setting CVar [[r.VolumetricFog.HistoryMissSupersampleCount:4]]
[2022.10.09-19.28.13:561][  0]LogConfig: Setting CVar [[r.LightMaxDrawDistanceScale:1]]
[2022.10.09-19.28.13:561][  0]LogConfig: Setting CVar [[r.CapsuleShadows:1]]
[2022.10.09-19.28.13:562][  0]LogConfig: Applying CVar settings from Section [PostProcessQuality@3] File [C:/Users/cheny/Desktop/CS415/MP1/InfiniteMatrixComplete/Saved/Config/Windows/Scalability.ini]
[2022.10.09-19.28.13:562][  0]LogConfig: Setting CVar [[r.MotionBlurQuality:4]]
[2022.10.09-19.28.13:562][  0]LogConfig: Setting CVar [[r.AmbientOcclusionMipLevelFactor:0.4]]
[2022.10.09-19.28.13:562][  0]LogConfig: Setting CVar [[r.AmbientOcclusionMaxQuality:100]]
[2022.10.09-19.28.13:562][  0]LogConfig: Setting CVar [[r.AmbientOcclusionLevels:-1]]
[2022.10.09-19.28.13:562][  0]LogConfig: Setting CVar [[r.AmbientOcclusionRadiusScale:1.0]]
[2022.10.09-19.28.13:562][  0]LogConfig: Setting CVar [[r.DepthOfFieldQuality:2]]
[2022.10.09-19.28.13:562][  0]LogConfig: Setting CVar [[r.RenderTargetPoolMin:400]]
[2022.10.09-19.28.13:562][  0]LogConfig: Setting CVar [[r.LensFlareQuality:2]]
[2022.10.09-19.28.13:562][  0]LogConfig: Setting CVar [[r.SceneColorFringeQuality:1]]
[2022.10.09-19.28.13:562][  0]LogConfig: Setting CVar [[r.EyeAdaptationQuality:2]]
[2022.10.09-19.28.13:562][  0]LogConfig: Setting CVar [[r.BloomQuality:5]]
[2022.10.09-19.28.13:562][  0]LogConfig: Setting CVar [[r.FastBlurThreshold:100]]
[2022.10.09-19.28.13:562][  0]LogConfig: Setting CVar [[r.Upscale.Quality:3]]
[2022.10.09-19.28.13:562][  0]LogConfig: Setting CVar [[r.Tonemapper.GrainQuantization:1]]
[2022.10.09-19.28.13:562][  0]LogConfig: Setting CVar [[r.LightShaftQuality:1]]
[2022.10.09-19.28.13:562][  0]LogConfig: Setting CVar [[r.Filter.SizeScale:1]]
[2022.10.09-19.28.13:562][  0]LogConfig: Setting CVar [[r.Tonemapper.Quality:5]]
[2022.10.09-19.28.13:562][  0]LogConfig: Setting CVar [[r.DOF.Gather.AccumulatorQuality:1        ; higher gathering accumulator quality]]
[2022.10.09-19.28.13:562][  0]LogConfig: Setting CVar [[r.DOF.Gather.PostfilterMethod:1          ; Median3x3 postfilering method]]
[2022.10.09-19.28.13:562][  0]LogConfig: Setting CVar [[r.DOF.Gather.EnableBokehSettings:0       ; no bokeh simulation when gathering]]
[2022.10.09-19.28.13:562][  0]LogConfig: Setting CVar [[r.DOF.Gather.RingCount:4                 ; medium number of samples when gathering]]
[2022.10.09-19.28.13:562][  0]LogConfig: Setting CVar [[r.DOF.Scatter.ForegroundCompositing:1    ; additive foreground scattering]]
[2022.10.09-19.28.13:562][  0]LogConfig: Setting CVar [[r.DOF.Scatter.BackgroundCompositing:2    ; additive background scattering]]
[2022.10.09-19.28.13:562][  0]LogConfig: Setting CVar [[r.DOF.Scatter.EnableBokehSettings:1      ; bokeh simulation when scattering]]
[2022.10.09-19.28.13:562][  0]LogConfig: Setting CVar [[r.DOF.Scatter.MaxSpriteRatio:0.1         ; only a maximum of 10% of scattered bokeh]]
[2022.10.09-19.28.13:562][  0]LogConfig: Setting CVar [[r.DOF.Recombine.Quality:1                ; cheap slight out of focus]]
[2022.10.09-19.28.13:562][  0]LogConfig: Setting CVar [[r.DOF.Recombine.EnableBokehSettings:0    ; no bokeh simulation on slight out of focus]]
[2022.10.09-19.28.13:562][  0]LogConfig: Setting CVar [[r.DOF.TemporalAAQuality:1                ; more stable temporal accumulation]]
[2022.10.09-19.28.13:562][  0]LogConfig: Setting CVar [[r.DOF.Kernel.MaxForegroundRadius:0.025]]
[2022.10.09-19.28.13:562][  0]LogConfig: Setting CVar [[r.DOF.Kernel.MaxBackgroundRadius:0.025]]
[2022.10.09-19.28.13:562][  0]LogConfig: Applying CVar settings from Section [TextureQuality@3] File [C:/Users/cheny/Desktop/CS415/MP1/InfiniteMatrixComplete/Saved/Config/Windows/Scalability.ini]
[2022.10.09-19.28.13:562][  0]LogConfig: Setting CVar [[r.Streaming.MipBias:0]]
[2022.10.09-19.28.13:562][  0]LogConfig: Setting CVar [[r.Streaming.AmortizeCPUToGPUCopy:0]]
[2022.10.09-19.28.13:562][  0]LogConfig: Setting CVar [[r.Streaming.MaxNumTexturesToStreamPerFrame:0]]
[2022.10.09-19.28.13:562][  0]LogConfig: Setting CVar [[r.Streaming.Boost:1]]
[2022.10.09-19.28.13:562][  0]LogConfig: Setting CVar [[r.MaxAnisotropy:8]]
[2022.10.09-19.28.13:562][  0]LogConfig: Setting CVar [[r.VT.MaxAnisotropy:8]]
[2022.10.09-19.28.13:562][  0]LogConfig: Setting CVar [[r.Streaming.LimitPoolSizeToVRAM:0]]
[2022.10.09-19.28.13:562][  0]LogConfig: Setting CVar [[r.Streaming.PoolSize:1000]]
[2022.10.09-19.28.13:562][  0]LogConfig: Setting CVar [[r.Streaming.MaxEffectiveScreenSize:0]]
[2022.10.09-19.28.13:563][  0]LogConfig: Applying CVar settings from Section [EffectsQuality@3] File [C:/Users/cheny/Desktop/CS415/MP1/InfiniteMatrixComplete/Saved/Config/Windows/Scalability.ini]
[2022.10.09-19.28.13:563][  0]LogConfig: Setting CVar [[r.TranslucencyLightingVolumeDim:64]]
[2022.10.09-19.28.13:563][  0]LogConfig: Setting CVar [[r.RefractionQuality:2]]
[2022.10.09-19.28.13:563][  0]LogConfig: Setting CVar [[r.SSR.Quality:3]]
[2022.10.09-19.28.13:563][  0]LogConfig: Setting CVar [[r.SSR.HalfResSceneColor:0]]
[2022.10.09-19.28.13:563][  0]LogConfig: Setting CVar [[r.SceneColorFormat:4]]
[2022.10.09-19.28.13:563][  0]LogConfig: Setting CVar [[r.DetailMode:2]]
[2022.10.09-19.28.13:563][  0]LogConfig: Setting CVar [[r.TranslucencyVolumeBlur:1]]
[2022.10.09-19.28.13:563][  0]LogConfig: Setting CVar [[r.MaterialQualityLevel:1 ; High quality]]
[2022.10.09-19.28.13:563][  0]LogConfig: Setting CVar [[r.AnisotropicMaterials:1]]
[2022.10.09-19.28.13:563][  0]LogConfig: Setting CVar [[r.SSS.Scale:1]]
[2022.10.09-19.28.13:563][  0]LogConfig: Setting CVar [[r.SSS.SampleSet:2]]
[2022.10.09-19.28.13:563][  0]LogConfig: Setting CVar [[r.SSS.Quality:1]]
[2022.10.09-19.28.13:563][  0]LogConfig: Setting CVar [[r.SSS.HalfRes:0]]
[2022.10.09-19.28.13:563][  0]LogConfig: Setting CVar [[r.SSGI.Quality:3]]
[2022.10.09-19.28.13:563][  0]LogConfig: Setting CVar [[r.EmitterSpawnRateScale:1.0]]
[2022.10.09-19.28.13:563][  0]LogConfig: Setting CVar [[r.ParticleLightQuality:2]]
[2022.10.09-19.28.13:563][  0]LogConfig: Setting CVar [[r.SkyAtmosphere.AerialPerspectiveLUT.FastApplyOnOpaque:1 ; Always have FastSkyLUT 1 in this case to avoid wrong sky]]
[2022.10.09-19.28.13:563][  0]LogConfig: Setting CVar [[r.SkyAtmosphere.AerialPerspectiveLUT.SampleCountMaxPerSlice:4]]
[2022.10.09-19.28.13:563][  0]LogConfig: Setting CVar [[r.SkyAtmosphere.AerialPerspectiveLUT.DepthResolution:16.0]]
[2022.10.09-19.28.13:563][  0]LogConfig: Setting CVar [[r.SkyAtmosphere.FastSkyLUT:1]]
[2022.10.09-19.28.13:563][  0]LogConfig: Setting CVar [[r.SkyAtmosphere.FastSkyLUT.SampleCountMin:4.0]]
[2022.10.09-19.28.13:563][  0]LogConfig: Setting CVar [[r.SkyAtmosphere.FastSkyLUT.SampleCountMax:128.0]]
[2022.10.09-19.28.13:563][  0]LogConfig: Setting CVar [[r.SkyAtmosphere.SampleCountMin:4.0]]
[2022.10.09-19.28.13:563][  0]LogConfig: Setting CVar [[r.SkyAtmosphere.SampleCountMax:128.0]]
[2022.10.09-19.28.13:563][  0]LogConfig: Setting CVar [[r.SkyAtmosphere.TransmittanceLUT.UseSmallFormat:0]]
[2022.10.09-19.28.13:563][  0]LogConfig: Setting CVar [[r.SkyAtmosphere.TransmittanceLUT.SampleCount:10.0]]
[2022.10.09-19.28.13:563][  0]LogConfig: Setting CVar [[r.SkyAtmosphere.MultiScatteringLUT.SampleCount:15.0]]
[2022.10.09-19.28.13:563][  0]LogConfig: Setting CVar [[r.SkyLight.RealTimeReflectionCapture:1]]
[2022.10.09-19.28.13:563][  0]LogConfig: Applying CVar settings from Section [FoliageQuality@3] File [C:/Users/cheny/Desktop/CS415/MP1/InfiniteMatrixComplete/Saved/Config/Windows/Scalability.ini]
[2022.10.09-19.28.13:563][  0]LogConfig: Setting CVar [[foliage.DensityScale:1.0]]
[2022.10.09-19.28.13:563][  0]LogConfig: Setting CVar [[grass.DensityScale:1.0]]
[2022.10.09-19.28.13:563][  0]LogConfig: Applying CVar settings from Section [ShadingQuality@3] File [C:/Users/cheny/Desktop/CS415/MP1/InfiniteMatrixComplete/Saved/Config/Windows/Scalability.ini]
[2022.10.09-19.28.13:563][  0]LogConfig: Setting CVar [[r.HairStrands.SkyLighting.IntegrationType:2]]
[2022.10.09-19.28.13:563][  0]LogConfig: Setting CVar [[r.HairStrands.SkyAO.SampleCount:4]]
[2022.10.09-19.28.13:563][  0]LogConfig: Setting CVar [[r.HairStrands.Visibility.MSAA.SamplePerPixel:4]]
[2022.10.09-19.28.13:563][  0]LogConfig: Applying CVar settings from Section [Startup] File [../../../Engine/Config/ConsoleVariables.ini]
[2022.10.09-19.28.13:564][  0]LogConfig: Setting CVar [[net.UseAdaptiveNetUpdateFrequency:0]]
[2022.10.09-19.28.13:564][  0]LogConfig: Setting CVar [[p.chaos.AllowCreatePhysxBodies:1]]
[2022.10.09-19.28.13:564][  0]LogConfig: Setting CVar [[fx.SkipVectorVMBackendOptimizations:1]]
[2022.10.09-19.28.13:564][  0]LogConfig: Applying CVar settings from Section [ConsoleVariables] File [C:/Users/cheny/Desktop/CS415/MP1/InfiniteMatrixComplete/Saved/Config/Windows/Engine.ini]
[2022.10.09-19.28.13:564][  0]LogConfig: Applying CVar settings from Section [ConsoleVariables] File [C:/Users/cheny/Desktop/CS415/MP1/InfiniteMatrixComplete/Saved/Config/Windows/Editor.ini]
[2022.10.09-19.28.13:564][  0]LogInit: Computer: DESKTOP-6GPNN2L
[2022.10.09-19.28.13:564][  0]LogInit: User: cheny
[2022.10.09-19.28.13:564][  0]LogInit: CPU Page size=4096, Cores=8
[2022.10.09-19.28.13:564][  0]LogInit: High frequency timer resolution =10.000000 MHz
[2022.10.09-19.28.13:564][  0]LogMemory: Memory total: Physical=31.8GB (32GB approx)
[2022.10.09-19.28.13:564][  0]LogMemory: Platform Memory Stats for Windows
[2022.10.09-19.28.13:564][  0]LogMemory: Process Physical Memory: 142.68 MB used, 142.69 MB peak
[2022.10.09-19.28.13:564][  0]LogMemory: Process Virtual Memory: 110.73 MB used, 110.73 MB peak
[2022.10.09-19.28.13:564][  0]LogMemory: Physical Memory: 12577.11 MB used,  20016.29 MB free, 32593.41 MB total
[2022.10.09-19.28.13:564][  0]LogMemory: Virtual Memory: 134201600.00 MB used,  16127.36 MB free, 134217728.00 MB total
[2022.10.09-19.28.13:655][  0]LogWindows: WindowsPlatformFeatures enabled
[2022.10.09-19.28.13:752][  0]LogInit: Physics initialised using underlying interface: PhysX
[2022.10.09-19.28.13:752][  0]LogInit: Using OS detected language (en-US).
[2022.10.09-19.28.13:752][  0]LogInit: Using OS detected locale (en-US).
[2022.10.09-19.28.13:759][  0]LogTextLocalizationManager: No specific localization for 'en-US' exists, so the 'en' localization will be used.
[2022.10.09-19.28.14:100][  0]LogInit: Setting process to per monitor DPI aware
[2022.10.09-19.28.14:125][  0]LogWindowsTextInputMethodSystem: Display: IME system deactivated.
[2022.10.09-19.28.14:159][  0]LogSlate: New Slate User Created.  User Index 0, Is Virtual User: 0
[2022.10.09-19.28.14:159][  0]LogSlate: Slate User Registered.  User Index 0, Is Virtual User: 0
[2022.10.09-19.28.14:482][  0]LogD3D11RHI: Loaded GFSDK_Aftermath_Lib.x64.dll
[2022.10.09-19.28.14:489][  0]LogHMD: Failed to initialize OpenVR with code 110
[2022.10.09-19.28.14:489][  0]LogD3D11RHI: D3D11 min allowed feature level: 11_0
[2022.10.09-19.28.14:489][  0]LogD3D11RHI: D3D11 max allowed feature level: 11_0
[2022.10.09-19.28.14:489][  0]LogD3D11RHI: D3D11 adapters:
[2022.10.09-19.28.14:797][  0]LogD3D11RHI:    0. 'NVIDIA GeForce RTX 2080 SUPER' (Feature Level 11_0)
[2022.10.09-19.28.14:797][  0]LogD3D11RHI:       8010/0/16296 MB DedicatedVideo/DedicatedSystem/SharedSystem, Outputs:2, VendorId:0x10de
[2022.10.09-19.28.14:863][  0]LogD3D11RHI:    1. 'Intel(R) UHD Graphics 630' (Feature Level 11_0)
[2022.10.09-19.28.14:864][  0]LogD3D11RHI:       128/0/16296 MB DedicatedVideo/DedicatedSystem/SharedSystem, Outputs:0, VendorId:0x8086
[2022.10.09-19.28.14:869][  0]LogD3D11RHI:    2. 'Microsoft Basic Render Driver' (Feature Level 11_0)
[2022.10.09-19.28.14:869][  0]LogD3D11RHI:       0/0/16296 MB DedicatedVideo/DedicatedSystem/SharedSystem, Outputs:0, VendorId:0x1414
[2022.10.09-19.28.14:869][  0]LogD3D11RHI: Chosen D3D11 Adapter:
[2022.10.09-19.28.14:869][  0]LogD3D11RHI:     Description : NVIDIA GeForce RTX 2080 SUPER
[2022.10.09-19.28.14:869][  0]LogD3D11RHI:     VendorId    : 10de
[2022.10.09-19.28.14:869][  0]LogD3D11RHI:     DeviceId    : 1e81
[2022.10.09-19.28.14:869][  0]LogD3D11RHI:     SubSysId    : c7221028
[2022.10.09-19.28.14:869][  0]LogD3D11RHI:     Revision    : 00a1
[2022.10.09-19.28.14:869][  0]LogD3D11RHI:     DedicatedVideoMemory : 8399093760 bytes
[2022.10.09-19.28.14:869][  0]LogD3D11RHI:     DedicatedSystemMemory : 0 bytes
[2022.10.09-19.28.14:869][  0]LogD3D11RHI:     SharedSystemMemory : 17088331776 bytes
[2022.10.09-19.28.14:870][  0]LogD3D11RHI:     AdapterLuid : 0 74437
[2022.10.09-19.28.14:886][  0]LogD3D11RHI: Creating new Direct3DDevice
[2022.10.09-19.28.14:886][  0]LogD3D11RHI:     GPU DeviceId: 0x1e81 (for the marketing name, search the web for "GPU Device Id")
[2022.10.09-19.28.14:886][  0]LogWindows: EnumDisplayDevices:
[2022.10.09-19.28.14:886][  0]LogWindows:    0. 'NVIDIA GeForce RTX 2080 SUPER' (P:1 D:1)
[2022.10.09-19.28.14:888][  0]LogWindows:    1. 'NVIDIA GeForce RTX 2080 SUPER' (P:0 D:1)
[2022.10.09-19.28.14:889][  0]LogWindows:    2. 'NVIDIA GeForce RTX 2080 SUPER' (P:0 D:0)
[2022.10.09-19.28.14:891][  0]LogWindows:    3. 'NVIDIA GeForce RTX 2080 SUPER' (P:0 D:0)
[2022.10.09-19.28.14:892][  0]LogWindows:    4. 'Intel(R) UHD Graphics 630' (P:0 D:0)
[2022.10.09-19.28.14:893][  0]LogWindows:    5. 'Intel(R) UHD Graphics 630' (P:0 D:0)
[2022.10.09-19.28.14:894][  0]LogWindows:    6. 'Intel(R) UHD Graphics 630' (P:0 D:0)
[2022.10.09-19.28.14:895][  0]LogWindows: DebugString: PrimaryIsNotTheChoosenAdapter PrimaryIsNotTheChoosenAdapter PrimaryIsNotTheChoosenAdapter FoundDriverCount:4 
[2022.10.09-19.28.14:895][  0]LogD3D11RHI:     Adapter Name: NVIDIA GeForce RTX 2080 SUPER
[2022.10.09-19.28.14:895][  0]LogD3D11RHI:   Driver Version: 516.94 (internal:31.0.15.1694, unified:516.94)
[2022.10.09-19.28.14:895][  0]LogD3D11RHI:      Driver Date: 7-21-2022
[2022.10.09-19.28.14:895][  0]LogRHI: Texture pool is 5607 MB (70% of 8010 MB)
[2022.10.09-19.28.14:895][  0]LogD3D11RHI: Creating D3DDevice using adapter:
[2022.10.09-19.28.14:895][  0]LogD3D11RHI:     Description : NVIDIA GeForce RTX 2080 SUPER
[2022.10.09-19.28.14:895][  0]LogD3D11RHI:     VendorId    : 10de
[2022.10.09-19.28.14:896][  0]LogD3D11RHI:     DeviceId    : 1e81
[2022.10.09-19.28.14:896][  0]LogD3D11RHI:     SubSysId    : c7221028
[2022.10.09-19.28.14:896][  0]LogD3D11RHI:     Revision    : 00a1
[2022.10.09-19.28.14:896][  0]LogD3D11RHI:     DedicatedVideoMemory : 8399093760 bytes
[2022.10.09-19.28.14:896][  0]LogD3D11RHI:     DedicatedSystemMemory : 0 bytes
[2022.10.09-19.28.14:896][  0]LogD3D11RHI:     SharedSystemMemory : 17088331776 bytes
[2022.10.09-19.28.14:896][  0]LogD3D11RHI:     AdapterLuid : 0 74437
[2022.10.09-19.28.15:091][  0]LogD3D11RHI: RHI has support for 64 bit atomics
[2022.10.09-19.28.15:092][  0]LogD3D11RHI: Async texture creation enabled
[2022.10.09-19.28.15:092][  0]LogD3D11RHI: Array index from any shader is supported
[2022.10.09-19.28.15:099][  0]LogD3D11RHI: HDR output is supported on display 0 (NvId: 0x80061083).
[2022.10.09-19.28.15:137][  0]LogD3D11RHI: GPU Timing Frequency: 1000.000000 (Debug: 2 1)
[2022.10.09-19.28.15:274][  0]LogRHI: GeForceNow SDK initialized: 1
[2022.10.09-19.28.16:179][  0]LogTargetPlatformManager: Display: Loaded TargetPlatform 'AllDesktop'
[2022.10.09-19.28.16:236][  0]LogTargetPlatformManager: Display: Loaded TargetPlatform 'Android'
[2022.10.09-19.28.16:236][  0]LogTargetPlatformManager: Display: Loaded TargetPlatform 'Android_ASTC'
[2022.10.09-19.28.16:236][  0]LogTargetPlatformManager: Display: Loaded TargetPlatform 'Android_DXT'
[2022.10.09-19.28.16:236][  0]LogTargetPlatformManager: Display: Loaded TargetPlatform 'Android_ETC2'
[2022.10.09-19.28.16:236][  0]LogTargetPlatformManager: Display: Loaded TargetPlatform 'AndroidClient'
[2022.10.09-19.28.16:236][  0]LogTargetPlatformManager: Display: Loaded TargetPlatform 'Android_ASTCClient'
[2022.10.09-19.28.16:236][  0]LogTargetPlatformManager: Display: Loaded TargetPlatform 'Android_DXTClient'
[2022.10.09-19.28.16:237][  0]LogTargetPlatformManager: Display: Loaded TargetPlatform 'Android_ETC2Client'
[2022.10.09-19.28.16:237][  0]LogTargetPlatformManager: Display: Loaded TargetPlatform 'Android_Multi'
[2022.10.09-19.28.16:237][  0]LogTargetPlatformManager: Display: Loaded TargetPlatform 'Android_MultiClient'
[2022.10.09-19.28.16:284][  0]LogTargetPlatformManager: Display: Loaded TargetPlatform 'IOSClient'
[2022.10.09-19.28.16:284][  0]LogTargetPlatformManager: Display: Loaded TargetPlatform 'IOS'
[2022.10.09-19.28.16:311][  0]LogTargetPlatformManager: Display: Loaded TargetPlatform 'Linux'
[2022.10.09-19.28.16:322][  0]LogTargetPlatformManager: Display: Loaded TargetPlatform 'LinuxNoEditor'
[2022.10.09-19.28.16:334][  0]LogTargetPlatformManager: Display: Loaded TargetPlatform 'LinuxClient'
[2022.10.09-19.28.16:345][  0]LogTargetPlatformManager: Display: Loaded TargetPlatform 'LinuxServer'
[2022.10.09-19.28.16:370][  0]LogTargetPlatformManager: Display: Loaded TargetPlatform 'LinuxAArch64NoEditor'
[2022.10.09-19.28.16:382][  0]LogTargetPlatformManager: Display: Loaded TargetPlatform 'LinuxAArch64Client'
[2022.10.09-19.28.16:393][  0]LogTargetPlatformManager: Display: Loaded TargetPlatform 'LinuxAArch64Server'
[2022.10.09-19.28.16:458][  0]LogTargetPlatformManager: Display: Loaded TargetPlatform 'Lumin'
[2022.10.09-19.28.16:458][  0]LogTargetPlatformManager: Display: Loaded TargetPlatform 'LuminClient'
[2022.10.09-19.28.16:480][  0]LogTargetPlatformManager: Display: Loaded TargetPlatform 'MacNoEditor'
[2022.10.09-19.28.16:491][  0]LogTargetPlatformManager: Display: Loaded TargetPlatform 'Mac'
[2022.10.09-19.28.16:501][  0]LogTargetPlatformManager: Display: Loaded TargetPlatform 'MacClient'
[2022.10.09-19.28.16:511][  0]LogTargetPlatformManager: Display: Loaded TargetPlatform 'MacServer'
[2022.10.09-19.28.16:534][  0]LogTargetPlatformManager: Display: Loaded TargetPlatform 'TVOSClient'
[2022.10.09-19.28.16:534][  0]LogTargetPlatformManager: Display: Loaded TargetPlatform 'TVOS'
[2022.10.09-19.28.16:554][  0]LogTargetPlatformManager: Display: Loaded TargetPlatform 'WindowsNoEditor'
[2022.10.09-19.28.16:563][  0]LogTargetPlatformManager: Display: Loaded TargetPlatform 'Windows'
[2022.10.09-19.28.16:572][  0]LogTargetPlatformManager: Display: Loaded TargetPlatform 'WindowsClient'
[2022.10.09-19.28.16:581][  0]LogTargetPlatformManager: Display: Loaded TargetPlatform 'WindowsServer'
[2022.10.09-19.28.16:581][  0]LogTargetPlatformManager: Display: Building Assets For Windows
[2022.10.09-19.28.16:595][  0]LogAudioDebug: Display: Lib vorbis DLL was dynamically loaded.
[2022.10.09-19.28.16:656][  0]LogTextureFormatOodle: Display: Oodle Texture 2.9.0 init RDO Off
[2022.10.09-19.28.16:712][  0]LogRendererCore: Ray tracing is disabled. Reason: r.RayTracing=0.
[2022.10.09-19.28.16:712][  0]LogShaderCompilers: Guid format shader working directory is -25 characters bigger than the processId version (../../../../../../Users/cheny/Desktop/CS415/MP1/InfiniteMatrixComplete/Intermediate/Shaders/WorkingDirectory/15892/).
[2022.10.09-19.28.16:712][  0]LogShaderCompilers: Cleaned the shader compiler working directory 'C:/Users/cheny/AppData/Local/Temp/UnrealShaderWorkingDir/14883A6545585B86B638F58E752F23FE/'.
[2022.10.09-19.28.16:713][  0]LogXGEController: Cannot use XGE Controller as Incredibuild is not installed on this machine.
[2022.10.09-19.28.16:713][  0]LogShaderCompilers: Cannot use XGE Shader Compiler as Incredibuild is not installed on this machine.
[2022.10.09-19.28.16:713][  0]LogShaderCompilers: Display: Using Local Shader Compiler.
[2022.10.09-19.28.18:411][  0]LogDerivedDataCache: Display: Max Cache Size: 512 MB
[2022.10.09-19.28.18:525][  0]LogDerivedDataCache: Loaded boot cache 0.11s 116MB C:/Users/cheny/AppData/Local/UnrealEngine/4.27/DerivedDataCache/Boot.ddc.
[2022.10.09-19.28.18:525][  0]LogDerivedDataCache: Display: Loaded Boot cache: C:/Users/cheny/AppData/Local/UnrealEngine/4.27/DerivedDataCache/Boot.ddc
[2022.10.09-19.28.18:525][  0]LogDerivedDataCache: FDerivedDataBackendGraph:  Pak pak cache file ../../../../../../Users/cheny/Desktop/CS415/MP1/InfiniteMatrixComplete/DerivedDataCache/DDC.ddp not found, will not use a pak cache.
[2022.10.09-19.28.18:525][  0]LogDerivedDataCache: Unable to find inner node Pak for hierarchical cache Hierarchy.
[2022.10.09-19.28.18:525][  0]LogDerivedDataCache: FDerivedDataBackendGraph:  CompressedPak pak cache file ../../../../../../Users/cheny/Desktop/CS415/MP1/InfiniteMatrixComplete/DerivedDataCache/Compressed.ddp not found, will not use a pak cache.
[2022.10.09-19.28.18:526][  0]LogDerivedDataCache: Unable to find inner node CompressedPak for hierarchical cache Hierarchy.
[2022.10.09-19.28.18:564][  0]LogDerivedDataCache: Display: Pak cache opened for reading ../../../Engine/DerivedDataCache/Compressed.ddp.
[2022.10.09-19.28.18:565][  0]LogDerivedDataCache: FDerivedDataBackendGraph:  EnterprisePak pak cache file ../../../Enterprise/DerivedDataCache/Compressed.ddp not found, will not use a pak cache.
[2022.10.09-19.28.18:565][  0]LogDerivedDataCache: Unable to find inner node EnterprisePak for hierarchical cache Hierarchy.
[2022.10.09-19.28.18:582][  0]LogDerivedDataCache: Speed tests for C:/Users/cheny/AppData/Local/UnrealEngine/Common/DerivedDataCache took 0.02 seconds
[2022.10.09-19.28.18:583][  0]LogDerivedDataCache: Display: Performance to C:/Users/cheny/AppData/Local/UnrealEngine/Common/DerivedDataCache: Latency=0.08ms. RandomReadSpeed=462.42MBs, RandomWriteSpeed=63.45MBs. Assigned SpeedClass 'Local'
[2022.10.09-19.28.18:583][  0]LogDerivedDataCache: Using Local data cache path C:/Users/cheny/AppData/Local/UnrealEngine/Common/DerivedDataCache: Writable
[2022.10.09-19.28.18:584][  0]LogDerivedDataCache: Shared data cache path not found in *engine.ini, will not use an Shared cache.
[2022.10.09-19.28.18:584][  0]LogDerivedDataCache: Unable to find inner node Shared for hierarchical cache Hierarchy.
[2022.10.09-19.28.18:704][  0]LogSlate: Using FreeType 2.10.0
[2022.10.09-19.28.18:705][  0]LogSlate: SlateFontServices - WITH_FREETYPE: 1, WITH_HARFBUZZ: 1
[2022.10.09-19.28.18:758][  0]LogAssetRegistry: FAssetRegistry took 0.0058 seconds to start up
[2022.10.09-19.28.19:360][  0]LogInit: Selected Device Profile: [Windows]
[2022.10.09-19.28.19:360][  0]LogInit: Active device profile: [0000027F72D5AA00][0000027F71525AC0 49] Windows
[2022.10.09-19.28.19:360][  0]LogInit: Profiles: [0000027F72D5AA00][0000027F71525AC0 49] Windows, [0000027F72D11800][0000027F7152C0C0 49] WindowsNoEditor, [0000027F72D59800][0000027F71530240 49] WindowsServer, [0000027F72D12200][0000027F715343C0 49] WindowsClient, [0000027F72D5A100][0000027F71538540 49] IOS, [0000027F72D11600][0000027F7153C6C0 49] iPadAir, [0000027F72D5A600][0000027F6FB58840 49] iPadAir2, [0000027F72CBB100][0000027F6FB5CA80 49] IPadPro, [0000027F72CBB200][0000027F71528AC0 49] iPadAir3, [0000027F72D59000][0000027F6FB60C00 49] iPadAir4, [0000027F72CBB700][0000027F6FB64D40 49] iPadMini2, [0000027F72D59F00][0000027F6FB6CEC0 49] iPadMini3, [0000027F72CB9600][0000027F6FB71040 49] iPadMini4, [0000027F72D58F00][0000027F6FB751C0 49] iPadMini5, [0000027F72CFA600][0000027F6FB7D480 49] iPhone6, [0000027F72CFA700][0000027F6FB794C0 49] iPodTouch6, [0000027F72CB9200][0000027F6FB85780 49] iPhone7, [0000027F72CB9100][0000027F6FB817C0 49] iPodTouch7, [0000027F72CF9C00][0000027F6FB89940 49] iPhone5S, [0000027F72CB8C00][0000027F6FB8DAC0 49] iPhone6Plus, [0000027F72CF9600][0000027F6FB900C0 49] iPhone6S, [0000027F72CBAA00][0000027F6FB94240 49] iPhone6SPlus, [0000027F72CFA500][0000027F6FB983C0 49] iPhone7Plus, [0000027F72CB8F00][0000027F6FB9C540 49] iPhoneSE, [0000027F72CF9B00][0000027F6FBA06C0 49] iPhone8, [0000027F72CBB500][0000027F6FBA4840 49] iPhone8Plus, [0000027F72CF8100][0000027F6FBA89C0 49] iPhoneX, [0000027F72CBB600][0000027F6FBACB40 49] iPhoneXS, [0000027F72CFA800][0000027F6FB68C80 49] iPhoneXSMax, [0000027F72CBA900][0000027F7158CDC0 49] iPhoneXR, [0000027F72CF9E00][0000027F71590F00 49] iPhone11, [0000027F72CB8700][0000027F71599080 49] iPhone11Pro, [0000027F72CF9100][0000027F7159D200 49] iPhone11ProMax, [0000027F72CBAC00][0000027F715A1380 49] iPhoneSE2, [0000027F72CFBB00][0000027F715A5500 49] iPhone12Mini, [0000027F72CBA100][0000027F715A9680 49] iPhone12, [0000027F72CF8A00][0000027F715AD800 49] iPhone12Pro, [0000027F72CBBB00][0000027F715B1980 49] iPhone12ProMax, [0000027F72CFB900][0000027F715B5B00 49] iPadPro105, [0000027F72CBB800][0000027F715B8100 49] iPadPro129, [0000027F72CF8300][0000027F715BC280 49] iPadPro97, [0000027F72CB8600][0000027F715C0400 49] iPadPro2_129, [0000027F72CFB600][0000027F715C4580 49] iPad5, [0000027F72CB8100][0000027F715C8700 49] iPad6, [0000027F72CF9800][0000027F715CC880 49] iPad7, [0000027F72CBB300][0000027F715D0A00 49] iPad8, [0000027F72CFAD00][0000027F715D8B80 49] iPadPro11, [0000027F72CB9300][0000027F715DCD00 49] iPadPro2_11, [0000027F72CFB800][0000027F71594E40 49] iPadPro3_129, [0000027F72D12300][0000027F715E4F80 49] iPadPro4_129, [0000027F72D8C300][0000027F73C5D0C0 49] AppleTV, [0000027F72D13600][0000027F74067240 49] AppleTV4K, [0000027F72D8C200][0000027F740753C0 49] TVOS, [0000027F72D12C00][0000027F74079540 49] Mac, [0000027F72D8D400][0000027F7407D6C0 49] MacClient, [0000027F72D10200][0000027F6FAAB840 49] MacNoEditor, [0000027F72D8D200][0000027F6FCA59C0 49] MacServer, [0000027F72D13400][0000027F6FCA9B40 49] Linux, [0000027F72D8D600][0000027F6FCAC140 49] LinuxAArch64, [0000027F72D12400][0000027F6FCB02C0 49] LinuxNoEditor, [0000027F72D8D500][0000027F6FCB4440 49] LinuxAArch64NoEditor, [0000027F72D13500][0000027F6FCB85C0 49] LinuxClient, [0000027F72D8D800][0000027F6FCBC740 49] LinuxAArch64Client, [0000027F72CF8600][0000027F6FADE8C0 49] LinuxServer, [0000027F72CBB000][0000027F6FB06A40 49] LinuxAArch64Server, [0000027F72CF9200][0000027F73A76BC0 49] Android, [0000027F72CBA800][0000027F73A90D40 49] Android_Low, [0000027F72CF9400][0000027F73A94EC0 49] Android_Mid, [0000027F72CB8900][0000027F74063000 49] Android_High, [0000027F72CF8200][0000027F73A9D140 49] Android_Default, [0000027F72CBBC00][0000027F73AA1280 49] Android_Adreno4xx, [0000027F72CF8F00][0000027F73F213C0 49] Android_Adreno5xx_Low, [0000027F72CB9F00][0000027F73F29540 49] Android_Adreno5xx, [0000027F72CF9F00][0000027F73F2D6C0 49] Android_Adreno6xx, [0000027F72CBAF00][0000027F73F31840 49] Android_Adreno6xx_Vulkan, [0000027F72CF8500][0000027F73F359C0 49] Android_Mali_T6xx, [0000027F72CB9500][0000027F69293B40 49] Android_Mali_T7xx, [0000027F72CFB000][0000027F692DE140 49] Android_Mali_T8xx, [0000027F72CBA600][0000027F73F6C2C0 49] Android_Mali_G71, [0000027F72CFBD00][0000027F73F70440 49] Android_Mali_G72, [0000027F72CB8E00][0000027F73F745C0 49] Android_Mali_G72_Vulkan, [0000027F72CFAC00][0000027F73FB6740 49] Android_Mali_G76, [0000027F72CB9C00][0000027F73FBA8C0 49] Android_Mali_G76_Vulkan, [0000027F72CF8E00][0000027F73FEAA40 49] Android_Mali_G77, [0000027F72CB8400][0000027F73FEEBC0 49] Android_Mali_G77_Vulkan, [0000027F72CF9700][0000027F73FF2D40 49] Android_Mali_G78, [0000027F72D8DA00][0000027F6FA8AEC0 49] Android_Mali_G78_Vulkan, [0000027F72CFA100][0000027F6FA9B040 49] Android_Mali_G710, [0000027F72D8C100][0000027F73F25180 49] Android_Mali_G710_Vulkan, [0000027F72CF8800][0000027F6FA9F2C0 49] Android_Vulkan_SM5, [0000027F72D8D300][0000027F73FE7400 49] Android_PowerVR_G6xxx, [0000027F72CFB400][0000027F73F79540 49] Android_PowerVR_GT7xxx, [0000027F72CB9900][0000027F6FAA36C0 49] Android_PowerVR_GE8xxx, [0000027F72CFB200][0000027F6FB03840 49] Android_PowerVR_GM9xxx, [0000027F72CB8200][0000027F6FAFF9C0 49] Android_PowerVR_GM9xxx_Vulkan, [0000027F72CFB700][0000027F715E1B40 49] Android_TegraK1, [0000027F72CBAE00][0000027F6FAA6140 49] Android_Unknown_Vulkan, [0000027F72CFA900][0000027F740382C0 49] Lumin, [0000027F72CBAD00][0000027F7403C440 49] Lumin_Desktop, [0000027F72CF8D00][0000027F740405C0 49] HoloLens, 
[2022.10.09-19.28.19:694][  0]LogMeshReduction: Using QuadricMeshReduction for automatic static mesh reduction
[2022.10.09-19.28.19:694][  0]LogMeshReduction: Using SimplygonMeshReduction for automatic skeletal mesh reduction
[2022.10.09-19.28.19:694][  0]LogMeshReduction: Using ProxyLODMeshReduction for automatic mesh merging
[2022.10.09-19.28.19:694][  0]LogMeshReduction: No distributed automatic mesh merging module available
[2022.10.09-19.28.19:694][  0]LogMeshMerging: No distributed automatic mesh merging module available
[2022.10.09-19.28.19:736][  0]LogNetVersion: InfiniteMatrix 1.0.0, NetCL: 17155196, EngineNetVer: 17, GameNetVer: 0 (Checksum: 1551001080)
[2022.10.09-19.28.20:658][  0]LogTexture: Default maximum texture size for cubemaps generated from long-lat sources has been changed from 512 to unlimited. In order to preserve old behaiour for '/Engine/MapTemplates/Sky/DaylightAmbientCubemap.DaylightAmbientCubemap', its maximum texture size has been explicitly set to 512.
[2022.10.09-19.28.20:752][  0]LogHMD: PokeAHoleMaterial loaded successfully
[2022.10.09-19.28.20:761][  0]LogUObjectArray: 17178 objects as part of root set at end of initial load.
[2022.10.09-19.28.20:761][  0]LogUObjectAllocator: 4302048 out of 0 bytes used by permanent object pool.
[2022.10.09-19.28.20:761][  0]LogUObjectArray: CloseDisregardForGC: 0/0 objects in disregard for GC pool
[2022.10.09-19.28.21:271][  0]LogNiagaraDebuggerClient: Niagara Debugger Client Initialized | Session: 60CCAB1441699CA76BCC6BB05B8D76F4 | Instance: D859DEF3401CA6F51F1531BC1CA7FBBF (DESKTOP-6GPNN2L-15892).
[2022.10.09-19.28.21:335][  0]LogPython: Using Python 3.7.7
[2022.10.09-19.28.22:497][  0]LogTcpMessaging: Initializing TcpMessaging bridge
[2022.10.09-19.28.22:503][  0]LogUdpMessaging: Initializing bridge on interface 0.0.0.0:0 to multicast group 230.0.0.1:6666.
[2022.10.09-19.28.22:736][  0]SourceControl: Source control is disabled
[2022.10.09-19.28.22:736][  0]SourceControl: Source control is disabled
[2022.10.09-19.28.22:741][  0]SourceControl: Source control is disabled
[2022.10.09-19.28.22:746][  0]SourceControl: Source control is disabled
[2022.10.09-19.28.22:755][  0]SourceControl: Source control is disabled
[2022.10.09-19.28.22:770][  0]LogUProjectInfo: Found projects:
[2022.10.09-19.28.22:781][  0]LogVSAccessor: Display: Unable to create Visual Studio setup instance: 80040154
[2022.10.09-19.28.22:782][  0]LogVSAccessor: Display: Unable to create Visual Studio setup instance: 80040154
[2022.10.09-19.28.22:784][  0]LogVSAccessor: Display: Unable to create Visual Studio setup instance: 80040154
[2022.10.09-19.28.23:113][  0]LogOpenImageDenoise: OIDN starting up
[2022.10.09-19.28.23:189][  0]LogAndroidPermission: UAndroidPermissionCallbackProxy::GetInstance
[2022.10.09-19.28.23:230][  0]LogAudioCaptureCore: Display: No Audio Capture implementations found. Audio input will be silent.
[2022.10.09-19.28.23:230][  0]LogAudioCaptureCore: Display: No Audio Capture implementations found. Audio input will be silent.
[2022.10.09-19.28.23:467][  0]LogCollectionManager: Loaded 0 collections in 0.002770 seconds
[2022.10.09-19.28.23:511][  0]LogFileCache: Scanning file cache for directory 'C:/Users/cheny/Desktop/CS415/MP1/InfiniteMatrixComplete/Saved/Collections/' took 0.00s
[2022.10.09-19.28.23:511][  0]LogFileCache: Scanning file cache for directory 'C:/Users/cheny/Desktop/CS415/MP1/InfiniteMatrixComplete/Content/Developers/cheny/Collections/' took 0.00s
[2022.10.09-19.28.23:512][  0]LogFileCache: Scanning file cache for directory 'C:/Users/cheny/Desktop/CS415/MP1/InfiniteMatrixComplete/Content/Collections/' took 0.00s
[2022.10.09-19.28.23:512][  0]LogOcInput: OculusInput pre-init called
[2022.10.09-19.28.23:952][  0]LogEngine: Initializing Engine...
[2022.10.09-19.28.23:955][  0]LogHMD: Failed to enumerate extensions. Please check that you have a valid OpenXR runtime installed.
[2022.10.09-19.28.23:956][  0]LogHMD: Failed to initialize OpenVR with code 110
[2022.10.09-19.28.23:956][  0]LogMagicLeap: Warning: VR disabled because ZI is not enabled.  To enable, in the editor, Edit -> Project Settings -> Plugins -> Magic Leap Plugin -> Enable Zero Iteration
[2022.10.09-19.28.23:957][  0]LogStats: UGameplayTagsManager::InitializeManager -  0.000 s
[2022.10.09-19.28.24:240][  0]LogInit: Initializing FReadOnlyCVARCache
[2022.10.09-19.28.24:256][  0]LogAIModule: Creating AISystem for world Untitled
[2022.10.09-19.28.24:261][  0]LogAudio: Display: Initializing Audio Device Manager...
[2022.10.09-19.28.24:266][  0]LogAudio: Display: Loading Default Audio Settings Objects...
[2022.10.09-19.28.24:267][  0]LogAudio: Display: No default SoundConcurrencyObject specified (or failed to load).
[2022.10.09-19.28.24:268][  0]LogAudio: Display: Audio Device Manager Initialized
[2022.10.09-19.28.24:268][  0]LogAudio: Display: Creating Audio Device:                 Id: 1, Scope: Shared, Realtime: True
[2022.10.09-19.28.24:268][  0]LogAudioMixer: Display: Audio Mixer Platform Settings:
[2022.10.09-19.28.24:268][  0]LogAudioMixer: Display: 	Sample Rate:						  48000
[2022.10.09-19.28.24:268][  0]LogAudioMixer: Display: 	Callback Buffer Frame Size Requested: 1024
[2022.10.09-19.28.24:268][  0]LogAudioMixer: Display: 	Callback Buffer Frame Size To Use:	  1024
[2022.10.09-19.28.24:268][  0]LogAudioMixer: Display: 	Number of buffers to queue:			  2
[2022.10.09-19.28.24:268][  0]LogAudioMixer: Display: 	Max Channels (voices):				  32
[2022.10.09-19.28.24:268][  0]LogAudioMixer: Display: 	Number of Async Source Workers:		  0
[2022.10.09-19.28.24:268][  0]LogAudio: Display: AudioDevice MaxSources: 32
[2022.10.09-19.28.24:268][  0]LogAudio: Display: Audio Spatialization Plugin: None (built-in).
[2022.10.09-19.28.24:268][  0]LogAudio: Display: Audio Reverb Plugin: None (built-in).
[2022.10.09-19.28.24:268][  0]LogAudio: Display: Audio Occlusion Plugin: None (built-in).
[2022.10.09-19.28.24:268][  0]LogAudioMixer: Display: Initializing audio mixer.
[2022.10.09-19.28.24:309][  0]LogAudioMixer: Display: 0: FrontLeft
[2022.10.09-19.28.24:309][  0]LogAudioMixer: Display: 1: FrontRight
[2022.10.09-19.28.24:342][  0]LogAudioMixer: Display: Using Audio Device Headset Earphone (HyperX Virtual Surround Sound)
[2022.10.09-19.28.24:346][  0]LogAudioMixer: Display: Initializing Sound Submixes...
[2022.10.09-19.28.24:349][  0]LogAudioMixer: Display: Creating Master Submix 'MasterSubmixDefault'
[2022.10.09-19.28.24:349][  0]LogAudioMixer: Display: Creating Master Submix 'MasterReverbSubmixDefault'
[2022.10.09-19.28.24:350][  0]LogAudioMixer: Display: Creating Master Submix 'MasterEQSubmixDefault'
[2022.10.09-19.28.24:350][  0]LogAudioMixer: FMixerPlatformXAudio2::StartAudioStream() called
[2022.10.09-19.28.24:350][  0]LogAudioMixer: Display: Output buffers initialized: Frames=1024, Channels=2, Samples=2048
[2022.10.09-19.28.24:351][  0]LogAudioMixer: Display: Starting AudioMixerPlatformInterface::RunInternal()
[2022.10.09-19.28.24:351][  0]LogAudioMixer: Display: FMixerPlatformXAudio2::SubmitBuffer() called for the first time
[2022.10.09-19.28.24:351][  0]LogInit: FAudioDevice initialized.
[2022.10.09-19.28.24:351][  0]LogAudio: Display: Audio Device (ID: 1) registered with world 'Untitled'.
[2022.10.09-19.28.24:351][  0]LogNetVersion: Set ProjectVersion to 1.0.0.0. Version Checksum will be recalculated on next use.
[2022.10.09-19.28.24:428][  0]LogDerivedDataCache: Saved boot cache 0.08s 116MB C:/Users/cheny/AppData/Local/UnrealEngine/4.27/DerivedDataCache/Boot.ddc.
[2022.10.09-19.28.24:431][  0]LogInit: Texture streaming: Enabled
[2022.10.09-19.28.24:449][  0]LogAnalytics: Display: [UEEditor.Rocket.Release] APIServer = https://datarouter.ol.epicgames.com/. AppVersion = 4.27.2-18319896+++UE4+Release-4.27
[2022.10.09-19.28.24:455][  0]LogEngineSessionManager: EngineSessionManager initialized
[2022.10.09-19.28.24:455][  0]LogEditorSessionSummary: Verbose: Initializing EditorSessionSummaryWriter for editor session tracking
[2022.10.09-19.28.24:460][  0]LogEditorSessionSummary: EditorSessionSummaryWriter initialized
[2022.10.09-19.28.24:503][  0]LogInit: Transaction tracking system initialized
[2022.10.09-19.28.24:535][  0]BlueprintLog: New page: Editor Load
[2022.10.09-19.28.24:628][  0]LocalizationService: Localization service is disabled
[2022.10.09-19.28.24:663][  0]TimingProfiler: Initialize
[2022.10.09-19.28.24:663][  0]TimingProfiler: OnSessionChanged
[2022.10.09-19.28.24:663][  0]LoadingProfiler: Initialize
[2022.10.09-19.28.24:663][  0]LoadingProfiler: OnSessionChanged
[2022.10.09-19.28.24:663][  0]NetworkingProfiler: Initialize
[2022.10.09-19.28.24:663][  0]NetworkingProfiler: OnSessionChanged
[2022.10.09-19.28.24:664][  0]MemoryProfiler: Initialize
[2022.10.09-19.28.24:664][  0]MemoryProfiler: OnSessionChanged
[2022.10.09-19.28.24:747][  0]LogVSAccessor: Display: Unable to create Visual Studio setup instance: 80040154
[2022.10.09-19.28.24:748][  0]LogVSAccessor: Display: Unable to create Visual Studio setup instance: 80040154
[2022.10.09-19.28.24:749][  0]LogVSAccessor: Display: Unable to create Visual Studio setup instance: 80040154
[2022.10.09-19.28.24:918][  0]LogCook: Display: CookSettings for Memory: MemoryMaxUsedVirtual 0MiB, MemoryMaxUsedPhysical 16384MiB, MemoryMinFreeVirtual 0MiB, MemoryMinFreePhysical 1024MiB
[2022.10.09-19.28.24:919][  0]LogCook: Display: Mobile HDR setting 1
[2022.10.09-19.28.25:239][  0]LogFileCache: Scanning file cache for directory 'C:/Users/cheny/Desktop/CS415/MP1/InfiniteMatrixComplete/Content/' took 0.00s
[2022.10.09-19.28.25:650][  0]LogInit: Display: Engine is initialized. Leaving FEngineLoop::Init()
[2022.10.09-19.28.25:657][  0]SourceControl: Source control is disabled
[2022.10.09-19.28.25:657][  0]LogUnrealEdMisc: Loading editor; pre map load, took 14.966
[2022.10.09-19.28.25:658][  0]Cmd: MAP LOAD FILE="../../../../../../Users/cheny/Desktop/CS415/MP1/InfiniteMatrixComplete/Content/InfiniteMatrix/Maps/TutorialMap.umap" TEMPLATE=0 SHOWPROGRESS=1 FEATURELEVEL=3
[2022.10.09-19.28.25:661][  0]LightingResults: New page: Lighting Build
[2022.10.09-19.28.25:664][  0]LogWorld: UWorld::CleanupWorld for Untitled, bSessionEnded=true, bCleanupResources=true
[2022.10.09-19.28.25:664][  0]LogSlate: InvalidateAllWidgets triggered.  All widgets were invalidated
[2022.10.09-19.28.25:664][  0]MapCheck: New page: Map Check
[2022.10.09-19.28.25:664][  0]LightingResults: New page: Lighting Build
[2022.10.09-19.28.25:676][  0]LogAudio: Display: Audio Device unregistered from world 'None'.
[2022.10.09-19.28.25:681][  0]LogUObjectHash: Compacting FUObjectHashTables data took   1.72ms
[2022.10.09-19.28.26:057][  0]LogAudio: Display: Audio Device (ID: 1) registered with world 'TutorialMap'.
[2022.10.09-19.28.26:059][  0]LogAIModule: Creating AISystem for world TutorialMap
[2022.10.09-19.28.26:064][  0]LogEditorServer: Finished looking for orphan Actors (0.000 secs)
[2022.10.09-19.28.26:079][  0]LogUObjectHash: Compacting FUObjectHashTables data took   1.88ms
[2022.10.09-19.28.26:080][  0]Cmd: MAP CHECKDEP NOCLEARLOG
[2022.10.09-19.28.26:080][  0]MapCheck: Map check complete: 0 Error(s), 0 Warning(s), took 0.243ms to complete.
[2022.10.09-19.28.26:080][  0]LogFileHelpers: Loading map 'TutorialMap' took 0.423
[2022.10.09-19.28.26:083][  0]LogUnrealEdMisc: Total Editor Startup Time, took 15.392
[2022.10.09-19.28.26:258][  0]LogSlate: Updating window title bar state: overlay mode, drag disabled, window buttons hidden, title bar hidden
[2022.10.09-19.28.26:272][  0]LogSlate: Updating window title bar state: overlay mode, drag disabled, window buttons hidden, title bar hidden
[2022.10.09-19.28.26:288][  0]LogSlate: Updating window title bar state: overlay mode, drag disabled, window buttons hidden, title bar hidden
[2022.10.09-19.28.26:302][  0]LogSlate: Updating window title bar state: overlay mode, drag disabled, window buttons hidden, title bar hidden
[2022.10.09-19.28.26:334][  0]LogNativeClassHierarchy: Verbose: Native class hierarchy populated in 0.0214 seconds. Added 3822 classes and 928 folders.
[2022.10.09-19.28.26:338][  0]LogNativeClassHierarchy: Verbose: Native class hierarchy updated for 'WidgetCarousel' in 0.0005 seconds. Added 0 classes and 0 folders.
[2022.10.09-19.28.26:341][  0]LogPakFile: PakFile PrimaryIndexSize=187
[2022.10.09-19.28.26:341][  0]LogPakFile: PakFile PathHashIndexSize=101
[2022.10.09-19.28.26:341][  0]LogPakFile: PakFile FullDirectoryIndexSize=148
[2022.10.09-19.28.26:341][  0]LogShaderLibrary: Display: ShaderCodeLibraryPakFileMountedCallback: PakFile 'C:/Program Files (x86)/Epic Games/UE_4.27/FeaturePacks/FP_FirstPerson.upack' (chunk index -1, root 'root:/') mounted
[2022.10.09-19.28.26:341][  0]LogShaderLibrary: Display: ShaderCodeLibraryPakFileMountedCallback: pending pak file info (ChunkID:-1 Root:root:/ File:C:/Program Files (x86)/Epic Games/UE_4.27/FeaturePacks/FP_FirstPerson.upack)
[2022.10.09-19.28.26:341][  0]LogPakFile: OnPakFileMounted2Time == 0.000121
[2022.10.09-19.28.26:343][  0]LogPakFile: PakFile PrimaryIndexSize=189
[2022.10.09-19.28.26:343][  0]LogPakFile: PakFile PathHashIndexSize=101
[2022.10.09-19.28.26:343][  0]LogPakFile: PakFile FullDirectoryIndexSize=152
[2022.10.09-19.28.26:343][  0]LogShaderLibrary: Display: ShaderCodeLibraryPakFileMountedCallback: PakFile 'C:/Program Files (x86)/Epic Games/UE_4.27/FeaturePacks/FP_FirstPersonBP.upack' (chunk index -1, root 'root:/') mounted
[2022.10.09-19.28.26:343][  0]LogShaderLibrary: Display: ShaderCodeLibraryPakFileMountedCallback: pending pak file info (ChunkID:-1 Root:root:/ File:C:/Program Files (x86)/Epic Games/UE_4.27/FeaturePacks/FP_FirstPersonBP.upack)
[2022.10.09-19.28.26:343][  0]LogPakFile: OnPakFileMounted2Time == 0.000096
[2022.10.09-19.28.26:344][  0]LogPakFile: PakFile PrimaryIndexSize=191
[2022.10.09-19.28.26:344][  0]LogPakFile: PakFile PathHashIndexSize=101
[2022.10.09-19.28.26:344][  0]LogPakFile: PakFile FullDirectoryIndexSize=160
[2022.10.09-19.28.26:344][  0]LogShaderLibrary: Display: ShaderCodeLibraryPakFileMountedCallback: PakFile 'C:/Program Files (x86)/Epic Games/UE_4.27/FeaturePacks/MobileStarterContent.upack' (chunk index -1, root 'root:/') mounted
[2022.10.09-19.28.26:344][  0]LogShaderLibrary: Display: ShaderCodeLibraryPakFileMountedCallback: pending pak file info (ChunkID:-1 Root:root:/ File:C:/Program Files (x86)/Epic Games/UE_4.27/FeaturePacks/MobileStarterContent.upack)
[2022.10.09-19.28.26:344][  0]LogPakFile: OnPakFileMounted2Time == 0.000089
[2022.10.09-19.28.26:346][  0]LogPakFile: PakFile PrimaryIndexSize=185
[2022.10.09-19.28.26:346][  0]LogPakFile: PakFile PathHashIndexSize=101
[2022.10.09-19.28.26:346][  0]LogPakFile: PakFile FullDirectoryIndexSize=148
[2022.10.09-19.28.26:346][  0]LogShaderLibrary: Display: ShaderCodeLibraryPakFileMountedCallback: PakFile 'C:/Program Files (x86)/Epic Games/UE_4.27/FeaturePacks/StarterContent.upack' (chunk index -1, root 'root:/') mounted
[2022.10.09-19.28.26:346][  0]LogShaderLibrary: Display: ShaderCodeLibraryPakFileMountedCallback: pending pak file info (ChunkID:-1 Root:root:/ File:C:/Program Files (x86)/Epic Games/UE_4.27/FeaturePacks/StarterContent.upack)
[2022.10.09-19.28.26:346][  0]LogPakFile: OnPakFileMounted2Time == 0.000092
[2022.10.09-19.28.26:347][  0]LogPakFile: PakFile PrimaryIndexSize=190
[2022.10.09-19.28.26:347][  0]LogPakFile: PakFile PathHashIndexSize=101
[2022.10.09-19.28.26:347][  0]LogPakFile: PakFile FullDirectoryIndexSize=154
[2022.10.09-19.28.26:347][  0]LogShaderLibrary: Display: ShaderCodeLibraryPakFileMountedCallback: PakFile 'C:/Program Files (x86)/Epic Games/UE_4.27/FeaturePacks/TP_2DSideScroller.upack' (chunk index -1, root 'root:/') mounted
[2022.10.09-19.28.26:347][  0]LogShaderLibrary: Display: ShaderCodeLibraryPakFileMountedCallback: pending pak file info (ChunkID:-1 Root:root:/ File:C:/Program Files (x86)/Epic Games/UE_4.27/FeaturePacks/TP_2DSideScroller.upack)
[2022.10.09-19.28.26:347][  0]LogPakFile: OnPakFileMounted2Time == 0.000089
[2022.10.09-19.28.26:349][  0]LogPakFile: PakFile PrimaryIndexSize=192
[2022.10.09-19.28.26:349][  0]LogPakFile: PakFile PathHashIndexSize=101
[2022.10.09-19.28.26:349][  0]LogPakFile: PakFile FullDirectoryIndexSize=158
[2022.10.09-19.28.26:349][  0]LogShaderLibrary: Display: ShaderCodeLibraryPakFileMountedCallback: PakFile 'C:/Program Files (x86)/Epic Games/UE_4.27/FeaturePacks/TP_2DSideScrollerBP.upack' (chunk index -1, root 'root:/') mounted
[2022.10.09-19.28.26:349][  0]LogShaderLibrary: Display: ShaderCodeLibraryPakFileMountedCallback: pending pak file info (ChunkID:-1 Root:root:/ File:C:/Program Files (x86)/Epic Games/UE_4.27/FeaturePacks/TP_2DSideScrollerBP.upack)
[2022.10.09-19.28.26:349][  0]LogPakFile: OnPakFileMounted2Time == 0.000087
[2022.10.09-19.28.26:350][  0]LogPakFile: PakFile PrimaryIndexSize=182
[2022.10.09-19.28.26:350][  0]LogPakFile: PakFile PathHashIndexSize=101
[2022.10.09-19.28.26:350][  0]LogPakFile: PakFile FullDirectoryIndexSize=138
[2022.10.09-19.28.26:350][  0]LogShaderLibrary: Display: ShaderCodeLibraryPakFileMountedCallback: PakFile 'C:/Program Files (x86)/Epic Games/UE_4.27/FeaturePacks/TP_Flying.upack' (chunk index -1, root 'root:/') mounted
[2022.10.09-19.28.26:350][  0]LogShaderLibrary: Display: ShaderCodeLibraryPakFileMountedCallback: pending pak file info (ChunkID:-1 Root:root:/ File:C:/Program Files (x86)/Epic Games/UE_4.27/FeaturePacks/TP_Flying.upack)
[2022.10.09-19.28.26:350][  0]LogPakFile: OnPakFileMounted2Time == 0.000085
[2022.10.09-19.28.26:352][  0]LogPakFile: PakFile PrimaryIndexSize=184
[2022.10.09-19.28.26:352][  0]LogPakFile: PakFile PathHashIndexSize=101
[2022.10.09-19.28.26:352][  0]LogPakFile: PakFile FullDirectoryIndexSize=142
[2022.10.09-19.28.26:352][  0]LogShaderLibrary: Display: ShaderCodeLibraryPakFileMountedCallback: PakFile 'C:/Program Files (x86)/Epic Games/UE_4.27/FeaturePacks/TP_FlyingBP.upack' (chunk index -1, root 'root:/') mounted
[2022.10.09-19.28.26:352][  0]LogShaderLibrary: Display: ShaderCodeLibraryPakFileMountedCallback: pending pak file info (ChunkID:-1 Root:root:/ File:C:/Program Files (x86)/Epic Games/UE_4.27/FeaturePacks/TP_FlyingBP.upack)
[2022.10.09-19.28.26:352][  0]LogPakFile: OnPakFileMounted2Time == 0.000087
[2022.10.09-19.28.26:353][  0]LogPakFile: PakFile PrimaryIndexSize=188
[2022.10.09-19.28.26:353][  0]LogPakFile: PakFile PathHashIndexSize=101
[2022.10.09-19.28.26:353][  0]LogPakFile: PakFile FullDirectoryIndexSize=150
[2022.10.09-19.28.26:353][  0]LogShaderLibrary: Display: ShaderCodeLibraryPakFileMountedCallback: PakFile 'C:/Program Files (x86)/Epic Games/UE_4.27/FeaturePacks/TP_HandheldARBP.upack' (chunk index -1, root 'root:/') mounted
[2022.10.09-19.28.26:353][  0]LogShaderLibrary: Display: ShaderCodeLibraryPakFileMountedCallback: pending pak file info (ChunkID:-1 Root:root:/ File:C:/Program Files (x86)/Epic Games/UE_4.27/FeaturePacks/TP_HandheldARBP.upack)
[2022.10.09-19.28.26:353][  0]LogPakFile: OnPakFileMounted2Time == 0.000086
[2022.10.09-19.28.26:355][  0]LogPakFile: PakFile PrimaryIndexSize=182
[2022.10.09-19.28.26:355][  0]LogPakFile: PakFile PathHashIndexSize=101
[2022.10.09-19.28.26:355][  0]LogPakFile: PakFile FullDirectoryIndexSize=138
[2022.10.09-19.28.26:355][  0]LogShaderLibrary: Display: ShaderCodeLibraryPakFileMountedCallback: PakFile 'C:/Program Files (x86)/Epic Games/UE_4.27/FeaturePacks/TP_Puzzle.upack' (chunk index -1, root 'root:/') mounted
[2022.10.09-19.28.26:355][  0]LogShaderLibrary: Display: ShaderCodeLibraryPakFileMountedCallback: pending pak file info (ChunkID:-1 Root:root:/ File:C:/Program Files (x86)/Epic Games/UE_4.27/FeaturePacks/TP_Puzzle.upack)
[2022.10.09-19.28.26:355][  0]LogPakFile: OnPakFileMounted2Time == 0.000087
[2022.10.09-19.28.26:356][  0]LogPakFile: PakFile PrimaryIndexSize=184
[2022.10.09-19.28.26:356][  0]LogPakFile: PakFile PathHashIndexSize=101
[2022.10.09-19.28.26:356][  0]LogPakFile: PakFile FullDirectoryIndexSize=142
[2022.10.09-19.28.26:356][  0]LogShaderLibrary: Display: ShaderCodeLibraryPakFileMountedCallback: PakFile 'C:/Program Files (x86)/Epic Games/UE_4.27/FeaturePacks/TP_PuzzleBP.upack' (chunk index -1, root 'root:/') mounted
[2022.10.09-19.28.26:356][  0]LogShaderLibrary: Display: ShaderCodeLibraryPakFileMountedCallback: pending pak file info (ChunkID:-1 Root:root:/ File:C:/Program Files (x86)/Epic Games/UE_4.27/FeaturePacks/TP_PuzzleBP.upack)
[2022.10.09-19.28.26:356][  0]LogPakFile: OnPakFileMounted2Time == 0.000088
[2022.10.09-19.28.26:357][  0]LogPakFile: PakFile PrimaryIndexSize=183
[2022.10.09-19.28.26:358][  0]LogPakFile: PakFile PathHashIndexSize=101
[2022.10.09-19.28.26:358][  0]LogPakFile: PakFile FullDirectoryIndexSize=140
[2022.10.09-19.28.26:358][  0]LogShaderLibrary: Display: ShaderCodeLibraryPakFileMountedCallback: PakFile 'C:/Program Files (x86)/Epic Games/UE_4.27/FeaturePacks/TP_Rolling.upack' (chunk index -1, root 'root:/') mounted
[2022.10.09-19.28.26:358][  0]LogShaderLibrary: Display: ShaderCodeLibraryPakFileMountedCallback: pending pak file info (ChunkID:-1 Root:root:/ File:C:/Program Files (x86)/Epic Games/UE_4.27/FeaturePacks/TP_Rolling.upack)
[2022.10.09-19.28.26:358][  0]LogPakFile: OnPakFileMounted2Time == 0.000087
[2022.10.09-19.28.26:359][  0]LogPakFile: PakFile PrimaryIndexSize=185
[2022.10.09-19.28.26:359][  0]LogPakFile: PakFile PathHashIndexSize=101
[2022.10.09-19.28.26:359][  0]LogPakFile: PakFile FullDirectoryIndexSize=144
[2022.10.09-19.28.26:359][  0]LogShaderLibrary: Display: ShaderCodeLibraryPakFileMountedCallback: PakFile 'C:/Program Files (x86)/Epic Games/UE_4.27/FeaturePacks/TP_RollingBP.upack' (chunk index -1, root 'root:/') mounted
[2022.10.09-19.28.26:359][  0]LogShaderLibrary: Display: ShaderCodeLibraryPakFileMountedCallback: pending pak file info (ChunkID:-1 Root:root:/ File:C:/Program Files (x86)/Epic Games/UE_4.27/FeaturePacks/TP_RollingBP.upack)
[2022.10.09-19.28.26:359][  0]LogPakFile: OnPakFileMounted2Time == 0.000087
[2022.10.09-19.28.26:360][  0]LogPakFile: PakFile PrimaryIndexSize=188
[2022.10.09-19.28.26:360][  0]LogPakFile: PakFile PathHashIndexSize=101
[2022.10.09-19.28.26:361][  0]LogPakFile: PakFile FullDirectoryIndexSize=150
[2022.10.09-19.28.26:361][  0]LogShaderLibrary: Display: ShaderCodeLibraryPakFileMountedCallback: PakFile 'C:/Program Files (x86)/Epic Games/UE_4.27/FeaturePacks/TP_SideScroller.upack' (chunk index -1, root 'root:/') mounted
[2022.10.09-19.28.26:361][  0]LogShaderLibrary: Display: ShaderCodeLibraryPakFileMountedCallback: pending pak file info (ChunkID:-1 Root:root:/ File:C:/Program Files (x86)/Epic Games/UE_4.27/FeaturePacks/TP_SideScroller.upack)
[2022.10.09-19.28.26:361][  0]LogPakFile: OnPakFileMounted2Time == 0.000089
[2022.10.09-19.28.26:362][  0]LogPakFile: PakFile PrimaryIndexSize=190
[2022.10.09-19.28.26:362][  0]LogPakFile: PakFile PathHashIndexSize=101
[2022.10.09-19.28.26:362][  0]LogPakFile: PakFile FullDirectoryIndexSize=154
[2022.10.09-19.28.26:362][  0]LogShaderLibrary: Display: ShaderCodeLibraryPakFileMountedCallback: PakFile 'C:/Program Files (x86)/Epic Games/UE_4.27/FeaturePacks/TP_SideScrollerBP.upack' (chunk index -1, root 'root:/') mounted
[2022.10.09-19.28.26:362][  0]LogShaderLibrary: Display: ShaderCodeLibraryPakFileMountedCallback: pending pak file info (ChunkID:-1 Root:root:/ File:C:/Program Files (x86)/Epic Games/UE_4.27/FeaturePacks/TP_SideScrollerBP.upack)
[2022.10.09-19.28.26:362][  0]LogPakFile: OnPakFileMounted2Time == 0.000087
[2022.10.09-19.28.26:363][  0]LogPakFile: PakFile PrimaryIndexSize=187
[2022.10.09-19.28.26:363][  0]LogPakFile: PakFile PathHashIndexSize=101
[2022.10.09-19.28.26:363][  0]LogPakFile: PakFile FullDirectoryIndexSize=148
[2022.10.09-19.28.26:363][  0]LogShaderLibrary: Display: ShaderCodeLibraryPakFileMountedCallback: PakFile 'C:/Program Files (x86)/Epic Games/UE_4.27/FeaturePacks/TP_ThirdPerson.upack' (chunk index -1, root 'root:/') mounted
[2022.10.09-19.28.26:363][  0]LogShaderLibrary: Display: ShaderCodeLibraryPakFileMountedCallback: pending pak file info (ChunkID:-1 Root:root:/ File:C:/Program Files (x86)/Epic Games/UE_4.27/FeaturePacks/TP_ThirdPerson.upack)
[2022.10.09-19.28.26:363][  0]LogPakFile: OnPakFileMounted2Time == 0.000075
[2022.10.09-19.28.26:364][  0]LogPakFile: PakFile PrimaryIndexSize=189
[2022.10.09-19.28.26:364][  0]LogPakFile: PakFile PathHashIndexSize=101
[2022.10.09-19.28.26:365][  0]LogPakFile: PakFile FullDirectoryIndexSize=152
[2022.10.09-19.28.26:365][  0]LogShaderLibrary: Display: ShaderCodeLibraryPakFileMountedCallback: PakFile 'C:/Program Files (x86)/Epic Games/UE_4.27/FeaturePacks/TP_ThirdPersonBP.upack' (chunk index -1, root 'root:/') mounted
[2022.10.09-19.28.26:365][  0]LogShaderLibrary: Display: ShaderCodeLibraryPakFileMountedCallback: pending pak file info (ChunkID:-1 Root:root:/ File:C:/Program Files (x86)/Epic Games/UE_4.27/FeaturePacks/TP_ThirdPersonBP.upack)
[2022.10.09-19.28.26:365][  0]LogPakFile: OnPakFileMounted2Time == 0.000075
[2022.10.09-19.28.26:366][  0]LogPakFile: PakFile PrimaryIndexSize=183
[2022.10.09-19.28.26:366][  0]LogPakFile: PakFile PathHashIndexSize=101
[2022.10.09-19.28.26:366][  0]LogPakFile: PakFile FullDirectoryIndexSize=140
[2022.10.09-19.28.26:366][  0]LogShaderLibrary: Display: ShaderCodeLibraryPakFileMountedCallback: PakFile 'C:/Program Files (x86)/Epic Games/UE_4.27/FeaturePacks/TP_TopDown.upack' (chunk index -1, root 'root:/') mounted
[2022.10.09-19.28.26:366][  0]LogShaderLibrary: Display: ShaderCodeLibraryPakFileMountedCallback: pending pak file info (ChunkID:-1 Root:root:/ File:C:/Program Files (x86)/Epic Games/UE_4.27/FeaturePacks/TP_TopDown.upack)
[2022.10.09-19.28.26:366][  0]LogPakFile: OnPakFileMounted2Time == 0.000099
[2022.10.09-19.28.26:367][  0]LogPakFile: PakFile PrimaryIndexSize=185
[2022.10.09-19.28.26:367][  0]LogPakFile: PakFile PathHashIndexSize=101
[2022.10.09-19.28.26:367][  0]LogPakFile: PakFile FullDirectoryIndexSize=144
[2022.10.09-19.28.26:367][  0]LogShaderLibrary: Display: ShaderCodeLibraryPakFileMountedCallback: PakFile 'C:/Program Files (x86)/Epic Games/UE_4.27/FeaturePacks/TP_TopDownBP.upack' (chunk index -1, root 'root:/') mounted
[2022.10.09-19.28.26:367][  0]LogShaderLibrary: Display: ShaderCodeLibraryPakFileMountedCallback: pending pak file info (ChunkID:-1 Root:root:/ File:C:/Program Files (x86)/Epic Games/UE_4.27/FeaturePacks/TP_TopDownBP.upack)
[2022.10.09-19.28.26:367][  0]LogPakFile: OnPakFileMounted2Time == 0.000081
[2022.10.09-19.28.26:369][  0]LogPakFile: PakFile PrimaryIndexSize=185
[2022.10.09-19.28.26:369][  0]LogPakFile: PakFile PathHashIndexSize=101
[2022.10.09-19.28.26:369][  0]LogPakFile: PakFile FullDirectoryIndexSize=144
[2022.10.09-19.28.26:369][  0]LogShaderLibrary: Display: ShaderCodeLibraryPakFileMountedCallback: PakFile 'C:/Program Files (x86)/Epic Games/UE_4.27/FeaturePacks/TP_TwinStick.upack' (chunk index -1, root 'root:/') mounted
[2022.10.09-19.28.26:369][  0]LogShaderLibrary: Display: ShaderCodeLibraryPakFileMountedCallback: pending pak file info (ChunkID:-1 Root:root:/ File:C:/Program Files (x86)/Epic Games/UE_4.27/FeaturePacks/TP_TwinStick.upack)
[2022.10.09-19.28.26:369][  0]LogPakFile: OnPakFileMounted2Time == 0.000083
[2022.10.09-19.28.26:370][  0]LogPakFile: PakFile PrimaryIndexSize=187
[2022.10.09-19.28.26:370][  0]LogPakFile: PakFile PathHashIndexSize=101
[2022.10.09-19.28.26:370][  0]LogPakFile: PakFile FullDirectoryIndexSize=148
[2022.10.09-19.28.26:370][  0]LogShaderLibrary: Display: ShaderCodeLibraryPakFileMountedCallback: PakFile 'C:/Program Files (x86)/Epic Games/UE_4.27/FeaturePacks/TP_TwinStickBP.upack' (chunk index -1, root 'root:/') mounted
[2022.10.09-19.28.26:370][  0]LogShaderLibrary: Display: ShaderCodeLibraryPakFileMountedCallback: pending pak file info (ChunkID:-1 Root:root:/ File:C:/Program Files (x86)/Epic Games/UE_4.27/FeaturePacks/TP_TwinStickBP.upack)
[2022.10.09-19.28.26:370][  0]LogPakFile: OnPakFileMounted2Time == 0.000087
[2022.10.09-19.28.26:371][  0]LogPakFile: PakFile PrimaryIndexSize=183
[2022.10.09-19.28.26:371][  0]LogPakFile: PakFile PathHashIndexSize=101
[2022.10.09-19.28.26:371][  0]LogPakFile: PakFile FullDirectoryIndexSize=140
[2022.10.09-19.28.26:371][  0]LogShaderLibrary: Display: ShaderCodeLibraryPakFileMountedCallback: PakFile 'C:/Program Files (x86)/Epic Games/UE_4.27/FeaturePacks/TP_Vehicle.upack' (chunk index -1, root 'root:/') mounted
[2022.10.09-19.28.26:371][  0]LogShaderLibrary: Display: ShaderCodeLibraryPakFileMountedCallback: pending pak file info (ChunkID:-1 Root:root:/ File:C:/Program Files (x86)/Epic Games/UE_4.27/FeaturePacks/TP_Vehicle.upack)
[2022.10.09-19.28.26:371][  0]LogPakFile: OnPakFileMounted2Time == 0.000082
[2022.10.09-19.28.26:373][  0]LogPakFile: PakFile PrimaryIndexSize=186
[2022.10.09-19.28.26:373][  0]LogPakFile: PakFile PathHashIndexSize=101
[2022.10.09-19.28.26:373][  0]LogPakFile: PakFile FullDirectoryIndexSize=146
[2022.10.09-19.28.26:373][  0]LogShaderLibrary: Display: ShaderCodeLibraryPakFileMountedCallback: PakFile 'C:/Program Files (x86)/Epic Games/UE_4.27/FeaturePacks/TP_VehicleAdv.upack' (chunk index -1, root 'root:/') mounted
[2022.10.09-19.28.26:373][  0]LogShaderLibrary: Display: ShaderCodeLibraryPakFileMountedCallback: pending pak file info (ChunkID:-1 Root:root:/ File:C:/Program Files (x86)/Epic Games/UE_4.27/FeaturePacks/TP_VehicleAdv.upack)
[2022.10.09-19.28.26:373][  0]LogPakFile: OnPakFileMounted2Time == 0.000091
[2022.10.09-19.28.26:374][  0]LogPakFile: PakFile PrimaryIndexSize=188
[2022.10.09-19.28.26:374][  0]LogPakFile: PakFile PathHashIndexSize=101
[2022.10.09-19.28.26:374][  0]LogPakFile: PakFile FullDirectoryIndexSize=150
[2022.10.09-19.28.26:374][  0]LogShaderLibrary: Display: ShaderCodeLibraryPakFileMountedCallback: PakFile 'C:/Program Files (x86)/Epic Games/UE_4.27/FeaturePacks/TP_VehicleAdvBP.upack' (chunk index -1, root 'root:/') mounted
[2022.10.09-19.28.26:374][  0]LogShaderLibrary: Display: ShaderCodeLibraryPakFileMountedCallback: pending pak file info (ChunkID:-1 Root:root:/ File:C:/Program Files (x86)/Epic Games/UE_4.27/FeaturePacks/TP_VehicleAdvBP.upack)
[2022.10.09-19.28.26:374][  0]LogPakFile: OnPakFileMounted2Time == 0.000081
[2022.10.09-19.28.26:375][  0]LogPakFile: PakFile PrimaryIndexSize=185
[2022.10.09-19.28.26:375][  0]LogPakFile: PakFile PathHashIndexSize=101
[2022.10.09-19.28.26:376][  0]LogPakFile: PakFile FullDirectoryIndexSize=144
[2022.10.09-19.28.26:376][  0]LogShaderLibrary: Display: ShaderCodeLibraryPakFileMountedCallback: PakFile 'C:/Program Files (x86)/Epic Games/UE_4.27/FeaturePacks/TP_VehicleBP.upack' (chunk index -1, root 'root:/') mounted
[2022.10.09-19.28.26:376][  0]LogShaderLibrary: Display: ShaderCodeLibraryPakFileMountedCallback: pending pak file info (ChunkID:-1 Root:root:/ File:C:/Program Files (x86)/Epic Games/UE_4.27/FeaturePacks/TP_VehicleBP.upack)
[2022.10.09-19.28.26:376][  0]LogPakFile: OnPakFileMounted2Time == 0.000081
[2022.10.09-19.28.26:377][  0]LogPakFile: PakFile PrimaryIndexSize=192
[2022.10.09-19.28.26:377][  0]LogPakFile: PakFile PathHashIndexSize=101
[2022.10.09-19.28.26:377][  0]LogPakFile: PakFile FullDirectoryIndexSize=158
[2022.10.09-19.28.26:377][  0]LogShaderLibrary: Display: ShaderCodeLibraryPakFileMountedCallback: PakFile 'C:/Program Files (x86)/Epic Games/UE_4.27/FeaturePacks/TP_VirtualRealityBP.upack' (chunk index -1, root 'root:/') mounted
[2022.10.09-19.28.26:377][  0]LogShaderLibrary: Display: ShaderCodeLibraryPakFileMountedCallback: pending pak file info (ChunkID:-1 Root:root:/ File:C:/Program Files (x86)/Epic Games/UE_4.27/FeaturePacks/TP_VirtualRealityBP.upack)
[2022.10.09-19.28.26:377][  0]LogPakFile: OnPakFileMounted2Time == 0.000081
[2022.10.09-19.28.26:483][  0]LogNativeClassHierarchy: Verbose: Native class hierarchy updated for 'AddContentDialog' in 0.0004 seconds. Added 0 classes and 0 folders.
[2022.10.09-19.28.26:485][  0]LogNativeClassHierarchy: Verbose: Native class hierarchy updated for 'SceneOutliner' in 0.0003 seconds. Added 2 classes and 0 folders.
[2022.10.09-19.28.26:523][  0]LogSlate: Took 0.000225 seconds to synchronously load lazily loaded font '../../../Engine/Content/Slate/Fonts/Roboto-Regular.ttf' (155K)
[2022.10.09-19.28.26:525][  0]LogSlate: Took 0.000203 seconds to synchronously load lazily loaded font '../../../Engine/Content/Editor/Slate/Fonts/FontAwesome.ttf' (139K)
[2022.10.09-19.28.26:526][  0]LogSlate: Took 0.000185 seconds to synchronously load lazily loaded font '../../../Engine/Content/Slate/Fonts/Roboto-Bold.ttf' (160K)
[2022.10.09-19.28.26:707][  0]LogRenderer: Reallocating scene render targets to support 1724x808 Format 10 NumSamples 1 (Frame:1).
[2022.10.09-19.28.26:861][  0]LogNativeClassHierarchy: Verbose: Native class hierarchy updated for 'HierarchicalLODOutliner' in 0.0005 seconds. Added 0 classes and 0 folders.
[2022.10.09-19.28.26:862][  0]LogLoad: (Engine Initialization) Total time: 16.17 seconds
[2022.10.09-19.28.26:862][  0]LogLoad: (Engine Initialization) Total Blueprint compile time: 0.00 seconds
[2022.10.09-19.28.26:928][  0]LogContentStreaming: Texture pool size now 1000 MB
[2022.10.09-19.28.26:956][  1]LogAssetRegistry: Asset discovery search completed in 8.1994 seconds
[2022.10.09-19.28.26:969][  1]LogCollectionManager: Fixed up redirectors for 0 collections in 0.000005 seconds (updated 0 objects)
[2022.10.09-19.28.53:777][272]LogSlate: Took 0.000436 seconds to synchronously load lazily loaded font '../../../Engine/Content/Slate/Fonts/Roboto-Light.ttf' (167K)
[2022.10.09-19.28.53:808][272]LogAssetEditorSubsystem: Opening Asset editor for WidgetBlueprint /Game/InfiniteMatrix/Blueprints/HPHUD.HPHUD
[2022.10.09-19.28.54:082][272]LogNativeClassHierarchy: Verbose: Native class hierarchy updated for 'BlueprintGraph' in 0.0013 seconds. Added 126 classes and 0 folders.
[2022.10.09-19.28.57:184][272]LogSlate: Took 0.000258 seconds to synchronously load lazily loaded font '../../../Engine/Content/Slate/Fonts/Roboto-BoldCondensed.ttf' (158K)
[2022.10.09-19.32.49:780][625]LogAudioMixer: Display: Audio Buffer Underrun (starvation) detected.
[2022.10.09-19.33.55:364][931]LogAssetEditorSubsystem: Opening Asset editor for Blueprint /Game/InfiniteMatrix/Blueprints/BP_Player.BP_Player
[2022.10.09-19.33.55:837][931]LogBlueprintEditor: Perf: 0.4 total seconds to load all 5 blueprint libraries in project. Avoid references to content in blueprint libraries to shorten this time.
[2022.10.09-19.33.55:837][931]LogBlueprintEditor: Perf: 0.2 seconds loading: /Engine/ArtTools/RenderToTexture/Macros/RenderToTextureMacros
[2022.10.09-19.33.57:771][932]LogSlate: Took 0.000477 seconds to synchronously load lazily loaded font '../../../Engine/Content/Slate/Fonts/Roboto-Italic.ttf' (157K)
[2022.10.09-19.48.15:444][980]LogSlate: Window 'BP_Player' being destroyed
[2022.10.09-19.48.15:458][980]LogSlate: Window 'BP_Player' being destroyed
[2022.10.09-19.48.15:464][980]LogWorld: UWorld::CleanupWorld for World_7, bSessionEnded=true, bCleanupResources=true
[2022.10.09-19.48.15:464][980]LogSlate: InvalidateAllWidgets triggered.  All widgets were invalidated
[2022.10.09-19.48.15:493][980]LogWorld: UWorld::CleanupWorld for World_6, bSessionEnded=true, bCleanupResources=true
[2022.10.09-19.48.15:494][980]LogSlate: InvalidateAllWidgets triggered.  All widgets were invalidated
[2022.10.09-19.48.15:600][980]LogWorld: UWorld::CleanupWorld for World_8, bSessionEnded=true, bCleanupResources=true
[2022.10.09-19.48.15:600][980]LogSlate: InvalidateAllWidgets triggered.  All widgets were invalidated
[2022.10.09-19.48.17:245][ 65]LogAssetEditorSubsystem: Opening Asset editor for Blueprint /Game/InfiniteMatrix/Blueprints/BP_MedPack.BP_MedPack
[2022.10.09-20.00.00:503][375]LogAudioMixer: Display: Audio Buffer Underrun (starvation) detected.
[2022.10.09-20.01.02:982][389]LogAudioMixer: Display: Audio Buffer Underrun (starvation) detected.
[2022.10.09-20.21.55:459][420]LogAudioMixer: Display: Audio Buffer Underrun (starvation) detected.
[2022.10.09-20.23.22:796][681]LogAudioMixer: Display: Audio Buffer Underrun (starvation) detected.
[2022.10.09-20.23.35:992][720]LogAudioMixer: Display: Audio Buffer Underrun (starvation) detected.
[2022.10.09-20.23.49:010][759]LogAudioMixer: Display: Audio Buffer Underrun (starvation) detected.
[2022.10.09-20.44.17:039][417]LogAudioMixer: Display: Audio Buffer Underrun (starvation) detected.
[2022.10.09-21.02.52:107][715]LogSlate: Window 'BP_MedPack' being destroyed
[2022.10.09-21.02.52:138][715]LogSlate: Window 'BP_MedPack' being destroyed
[2022.10.09-21.02.52:162][715]LogWorld: UWorld::CleanupWorld for World_9, bSessionEnded=true, bCleanupResources=true
[2022.10.09-21.02.52:162][715]LogSlate: InvalidateAllWidgets triggered.  All widgets were invalidated
[2022.10.09-21.02.55:671][801]LogAssetEditorSubsystem: Opening Asset editor for WidgetBlueprint /Game/InfiniteMatrix/Blueprints/HPHUD.HPHUD
[2022.10.09-21.03.00:814][905]LogAssetEditorSubsystem: Opening Asset editor for Blueprint /Game/InfiniteMatrix/Blueprints/BP_Player.BP_Player
[2022.10.09-21.04.16:005][324]LogAudioMixer: Display: Audio Buffer Underrun (starvation) detected.
[2022.10.09-21.04.24:627][350]LogAnalytics: Warning: EventCache either took too long to flush (11.863 ms) or had a very large payload (0.436 KB, 1 events). Listing events in the payload for investigation:
[2022.10.09-21.04.24:629][350]LogAnalytics: Warning:     Editor.Usage.Heartbeat,433
[2022.10.09-21.04.34:300][378]LogAudioMixer: Display: Audio Buffer Underrun (starvation) detected.
[2022.10.09-21.04.52:391][431]LogAudioMixer: Display: Audio Buffer Underrun (starvation) detected.
[2022.10.09-21.05.04:199][465]LogAudioMixer: Display: Audio Buffer Underrun (starvation) detected.
[2022.10.09-21.05.14:420][492]LogAudioMixer: Display: Audio Buffer Underrun (starvation) detected.
[2022.10.09-21.06.07:136][ 86]LogAudioMixer: Display: Audio Buffer Underrun (starvation) detected.
[2022.10.09-21.06.35:688][169]LogAudioMixer: Display: Audio Buffer Underrun (starvation) detected.
[2022.10.09-21.06.50:412][213]LogSlate: Window 'BP_Player' being destroyed
[2022.10.09-21.06.50:453][213]LogSlate: Window 'BP_Player' being destroyed
[2022.10.09-21.06.50:463][213]LogWorld: UWorld::CleanupWorld for World_11, bSessionEnded=true, bCleanupResources=true
[2022.10.09-21.06.50:463][213]LogSlate: InvalidateAllWidgets triggered.  All widgets were invalidated
[2022.10.09-21.06.50:522][213]LogWorld: UWorld::CleanupWorld for World_10, bSessionEnded=true, bCleanupResources=true
[2022.10.09-21.06.50:523][213]LogSlate: InvalidateAllWidgets triggered.  All widgets were invalidated
[2022.10.09-21.06.50:698][213]LogWorld: UWorld::CleanupWorld for World_12, bSessionEnded=true, bCleanupResources=true
[2022.10.09-21.06.50:698][213]LogSlate: InvalidateAllWidgets triggered.  All widgets were invalidated
[2022.10.09-21.07.01:560][744]LogAssetEditorSubsystem: Opening Asset editor for WidgetBlueprint /Game/InfiniteMatrix/UI/WBP_Restart.WBP_Restart
[2022.10.09-21.07.14:436][103]LogAssetEditorSubsystem: Opening Asset editor for Blueprint /Game/InfiniteMatrix/Blueprints/BP_Player.BP_Player
[2022.10.09-21.08.04:997][689]LogAudioMixer: Display: Audio Buffer Underrun (starvation) detected.
[2022.10.09-21.08.31:066][755]LogAudioMixer: Display: Audio Buffer Underrun (starvation) detected.
[2022.10.09-21.08.42:673][787]LogAudioMixer: Display: Audio Buffer Underrun (starvation) detected.
[2022.10.09-21.09.00:691][973]LogAudioMixer: Display: Audio Buffer Underrun (starvation) detected.
[2022.10.09-21.09.27:410][ 51]LogAudioMixer: Display: Audio Buffer Underrun (starvation) detected.
[2022.10.09-21.14.29:667][819]LogAssetEditorSubsystem: Opening Asset editor for Texture2D /Game/InfiniteMatrix/UI/T_Restart.T_Restart
[2022.10.09-21.14.29:712][819]LogNativeClassHierarchy: Verbose: Native class hierarchy updated for 'TextureEditor' in 0.0009 seconds. Added 1 classes and 2 folders.
[2022.10.09-21.14.40:849][169]LogSlate: Took 0.000453 seconds to synchronously load lazily loaded font '../../../Engine/Content/Slate/Fonts/Roboto-Light.ttf' (167K)
[2022.10.09-21.14.48:238][169]LogSlate: Window 'Save Asset As' being destroyed
[2022.10.09-21.14.57:469][389]LogSlate: Window 'Save Asset As' being destroyed
[2022.10.09-21.24.43:160][755]LogAssetEditorSubsystem: Opening Asset editor for Blueprint /Game/InfiniteMatrix/Blueprints/BP_Enemy.BP_Enemy
[2022.10.09-21.31.33:682][ 90]LogAudioMixer: Display: Audio Buffer Underrun (starvation) detected.
[2022.10.09-21.32.02:822][177]LogAudioMixer: Display: Audio Buffer Underrun (starvation) detected.
[2022.10.09-21.32.13:529][209]LogAudioMixer: Display: Audio Buffer Underrun (starvation) detected.
[2022.10.09-21.32.54:710][332]LogAudioMixer: Display: Audio Buffer Underrun (starvation) detected.
[2022.10.09-21.33.13:100][387]LogAudioMixer: Display: Audio Buffer Underrun (starvation) detected.
[2022.10.09-21.33.32:607][445]LogAudioMixer: Display: Audio Buffer Underrun (starvation) detected.
[2022.10.09-21.33.59:257][525]LogAudioMixer: Display: Audio Buffer Underrun (starvation) detected.
